Ind,Ops,Dinero,Rent,Benef
ABG	1.2	-0.0958333333333	2015-10-22 17:36:00
ABG	1.105	0.0642533936652	2015-10-23 17:36:00
ABG	1.14	0.0771929824561	2015-10-26 17:36:00
ABG	1.11	0.153153153153	2015-10-27 17:36:00
ABG	1.158	0.0621761658031	2015-10-28 17:36:00
ABG	1.101	0.13714804723	2015-10-29 17:36:00
ABG	1.085	0.290322580645	2015-10-30 17:36:00
ABG	0.545	0.743119266055	2015-11-25 17:36:00
ABG	0.383	1.53263707572	2015-11-26 17:36:00
ABG	0.44	0.995454545455	2015-11-27 17:36:00
ABG	0.73	0.0301369863014	2015-11-30 17:36:00
ABG	0.752	-0.00797872340426	2015-12-08 17:36:00
ABG	0.7	-0.257142857143	2015-12-11 17:36:00
ABG	0.712	-0.339887640449	2015-12-14 17:36:00
ABG	0.73	-0.278082191781	2015-12-15 17:36:00
ABG	0.627	-0.188197767145	2015-12-18 17:36:00
ABG	0.562	-0.163701067616	2015-12-21 17:36:00
ABG	0.52	-0.211538461538	2015-12-22 17:36:00
ABG	0.47	-0.0489361702128	2015-12-23 17:36:00
ABG	0.527	-0.121442125237	2015-12-24 17:36:00
ABG	0.533	-0.142589118199	2015-12-28 17:36:00
ABG	0.509	-0.165029469548	2015-12-29 17:36:00
ABG	0.47	-0.136170212766	2015-12-30 17:36:00
ABG	0.41	0.0121951219512	2015-12-31 17:36:00
ABG	0.447	-0.0917225950783	2016-01-04 17:36:00
ABG	0.463	-0.0388768898488	2016-01-05 17:36:00
ABG	0.425	-0.0588235294118	2016-01-07 17:36:00
ABG	0.406	-0.0492610837438	2016-01-08 17:36:00
ABG	0.406	-0.113300492611	2016-01-12 17:36:00
ABG	0.386	0.554404145078	2016-01-18 17:36:00
ABG	0.37	0.532432432432	2016-01-19 17:36:00
ABG	0.36	0.472222222222	2016-01-20 17:36:00
ABG	0.354	0.468926553672	2016-01-21 17:36:00
ABG	0.548	-0.11496350365	2016-05-04 17:36:00
ABG	0.54	-0.103703703704	2016-05-05 17:36:00
ABG	0.52	-0.0711538461538	2016-05-06 17:36:00
ABG	0.458	0.100436681223	2016-05-09 17:36:00
ABG	0.491	-0.0122199592668	2016-05-10 17:36:00
ABG	0.522	-0.0804597701149	2016-05-11 17:36:00
ABG	0.485	0.0309278350515	2016-05-12 17:36:00
ABG	0.484	-0.00826446280992	2016-05-13 17:36:00
ABG	0.483	0.0	2016-05-16 17:36:00
ABG	0.504	-0.0456349206349	2016-05-17 17:36:00
ABG	0.485	-0.0185567010309	2016-05-18 17:36:00
ABG	0.48	-0.0166666666667	2016-05-19 17:36:00
ABG	0.5	-0.058	2016-05-20 17:36:00
ABG	0.48	0.0270833333333	2016-05-23 17:36:00
ABG	0.483	0.00207039337474	2016-05-24 17:36:00
ABG	0.481	0.004158004158	2016-05-25 17:36:00
ABG	0.476	-0.0147058823529	2016-05-26 17:36:00
ABG	0.472	-0.0148305084746	2016-05-27 17:36:00
ABG	0.41	-0.0707317073171	2016-06-10 17:36:00
ABG	0.391	-0.00511508951407	2016-06-13 17:36:00
ABG	0.38	0.0315789473684	2016-06-14 17:36:00
ABG	0.381	0.0393700787402	2016-06-15 17:36:00
ABG	0.381	-0.0682414698163	2016-06-16 17:36:00
ABG	0.359	0.0863509749304	2016-06-17 17:36:00
ABG	0.381	0.0131233595801	2016-06-20 17:36:00
ABG	0.389	-0.00514138817481	2016-06-21 17:36:00
ABG	0.392	0.436224489796	2016-06-22 17:36:00
ABG	0.355	0.385915492958	2016-06-24 17:36:00
ABG	0.39	0.253846153846	2016-06-27 17:36:00
ABG	0.386	0.256476683938	2016-06-28 17:36:00
ABG	0.272	-0.849264705882	2017-03-30 17:36:00
ABG	0.055	-0.254545454545	2017-03-31 17:36:00
ABG	0.055	-0.345454545455	2017-04-03 17:36:00
ABG	0.049	-0.285714285714	2017-04-04 17:36:00
ABG	0.043	-0.186046511628	2017-04-05 17:36:00
ABG	0.033	0.030303030303	2017-04-06 17:36:00
ABG	0.041	-0.170731707317	2017-04-07 17:36:00
ABG	0.041	-0.19512195122	2017-04-10 17:36:00
ABG	0.036	-0.0833333333333	2017-04-11 17:36:00
ABG	0.035	-0.114285714286	2017-04-12 17:36:00
ABG	0.035	-0.142857142857	2017-04-13 17:36:00
ABG	0.034	-0.117647058824	2017-04-18 17:36:00
ABG	0.034	-0.117647058824	2017-04-19 17:36:00
ABG	0.03	0.0	2017-06-09 17:36:00
ABG	0.031	-0.0322580645161	2017-06-12 17:36:00
ABG	0.032	-0.09375	2017-06-16 17:36:00
ABG	0.03	0.333333333333	2017-06-19 17:36:00
ABG	0.03	0.166666666667	2017-06-20 17:36:00
ABG	0.031	0.193548387097	2017-06-21 17:36:00
ABG	0.03	0.166666666667	2017-06-22 17:36:00
ABG	0.03	0.166666666667	2017-06-23 17:36:00
ABG	0.029	0.172413793103	2017-06-26 17:36:00
ACX	7.673	0.0054737390851	2016-01-15 17:36:00
ACX	7.552	0.0752118644068	2016-01-18 17:36:00
ACX	7.508	0.0528769312733	2016-01-19 17:36:00
ACX	7.152	0.157158836689	2016-01-20 17:36:00
ACX	7.454	0.109203112423	2016-01-21 17:36:00
ACS	22.35	0.00156599552573	2016-01-15 17:36:00
ACS	22.255	0.0307796000899	2016-01-18 17:36:00
ACS	21.47	0.0645086166744	2016-01-20 17:36:00
ACS	21.755	0.0714778211905	2016-01-21 17:36:00
ACS	20.0	0.075	2016-02-09 17:36:00
ACS	19.31	0.094510616261	2016-02-11 17:36:00
ACS	19.54	0.111054247697	2016-02-12 17:36:00
ADZ	3.96	0.0151515151515	2017-06-08 17:36:00
ADZ	3.94	0.0558375634518	2017-06-09 17:36:00
ADZ	4.04	0.113861386139	2017-06-14 17:36:00
ADZ	4.0	0.125	2017-06-15 17:36:00
ADV	5.74	-0.0940766550523	2015-10-21 17:36:00
ADV	4.9	0.0612244897959	2015-10-22 17:36:00
ADV	4.83	0.0289855072464	2015-10-23 17:36:00
ADV	4.87	0.0308008213552	2015-10-26 17:36:00
ADV	4.84	0.0454545454545	2015-10-27 17:36:00
ADV	5.11	-0.0117416829746	2015-10-28 17:36:00
ADV	5.2	-0.0230769230769	2015-10-29 17:36:00
ADV	5.2	-0.0403846153846	2015-10-30 17:36:00
ADV	4.97	0.0281690140845	2015-11-02 17:36:00
ADV	5.02	-0.00199203187251	2015-11-03 17:36:00
ADV	5.06	-0.00197628458498	2015-11-04 17:36:00
ADV	5.05	0.00990099009901	2015-11-05 17:36:00
ADV	5.08	0.0196850393701	2015-11-06 17:36:00
ADV	4.99	0.0821643286573	2015-11-09 17:36:00
ADV	4.07	-0.115479115479	2016-02-25 17:36:00
ADV	4.1	-0.180487804878	2016-02-26 17:36:00
ADV	4.13	-0.18401937046	2016-02-29 17:36:00
ADV	3.98	-0.128140703518	2016-03-01 17:36:00
ADV	3.85	-0.0909090909091	2016-03-02 17:36:00
ADV	3.65	-0.0958904109589	2016-03-03 17:36:00
ADV	3.6	-0.0833333333333	2016-03-04 17:36:00
ADV	3.36	-0.077380952381	2016-03-07 17:36:00
ADV	3.37	0.0356083086053	2016-03-08 17:36:00
ADV	3.47	-0.0230547550432	2016-03-09 17:36:00
ADV	3.5	-0.00571428571429	2016-03-10 17:36:00
ADV	3.3	0.1	2016-03-11 17:36:00
ADV	3.3	0.29696969697	2016-03-14 17:36:00
ADV	3.1	0.5	2016-03-15 17:36:00
ADV	3.49	0.260744985673	2016-03-16 17:36:00
ADV	3.39	0.259587020649	2016-03-17 17:36:00
ADV	3.49	-0.0315186246418	2016-06-10 17:36:00
ADV	3.36	0.00297619047619	2016-06-13 17:36:00
ADV	3.3	0.0030303030303	2016-06-14 17:36:00
ADV	3.41	-0.0263929618768	2016-06-15 17:36:00
ADV	3.3	-0.030303030303	2016-06-16 17:36:00
ADV	3.3	-0.0575757575758	2016-06-17 17:36:00
ADV	3.38	-0.0739644970414	2016-06-20 17:36:00
ADV	3.37	-0.0356083086053	2016-06-21 17:36:00
ADV	3.31	0.0211480362538	2016-06-22 17:36:00
ADV	3.32	0.0240963855422	2016-06-23 17:36:00
ADV	3.2	0.01875	2016-06-24 17:36:00
ADV	3.11	0.0514469453376	2016-06-27 17:36:00
ADV	3.13	0.0159744408946	2016-06-28 17:36:00
ADV	3.25	-0.04	2016-06-29 17:36:00
ADV	3.12	0.0576923076923	2016-07-07 17:36:00
ALM	9.8	-0.0765306122449	2017-07-10 17:36:00
ALM	8.85	0.0169491525424	2017-07-11 17:36:00
ALM	9.11	-0.0208562019759	2017-07-12 17:36:00
ALM	8.99	-0.0322580645161	2017-07-13 17:36:00
ALM	9.21	-0.0922909880565	2017-07-14 17:36:00
ALM	9.12	-0.0504385964912	2017-07-17 17:36:00
ALM	9.05	-0.0651933701657	2017-07-18 17:36:00
ALM	9.0	-0.0611111111111	2017-07-19 17:36:00
ALM	8.92	-0.0840807174888	2017-07-20 17:36:00
ALM	8.7	-0.0597701149425	2017-07-21 17:36:00
ALM	8.36	-0.0370813397129	2017-07-24 17:36:00
ALM	8.66	-0.0750577367206	2017-07-25 17:36:00
ALM	8.46	-0.065011820331	2017-07-26 17:36:00
ALM	8.45	-0.0189349112426	2017-07-27 17:36:00
ALM	8.17	-0.0269277845777	2017-07-28 17:36:00
ALM	8.18	-0.0171149144254	2017-07-31 17:36:00
ALM	8.05	-0.00372670807453	2017-08-01 17:36:00
ALM	8.01	-0.00249687890137	2017-08-02 17:36:00
ALM	7.91	0.0113780025284	2017-08-03 17:36:00
AMP	0.111	0.00900900900901	2015-12-14 17:36:00
AMP	0.111	0.108108108108	2015-12-21 17:36:00
AMP	0.11	0.172727272727	2015-12-22 17:36:00
AMP	0.112	0.160714285714	2015-12-23 17:36:00
AMP	0.084	-0.0357142857143	2016-06-16 17:36:00
AMP	0.084	-0.0238095238095	2016-06-17 17:36:00
AMP	0.083	0.0481927710843	2016-06-20 17:36:00
AMP	0.077	0.0649350649351	2016-06-21 17:36:00
AMP	0.079	0.0379746835443	2016-06-22 17:36:00
AMP	0.081	-0.0123456790123	2016-06-23 17:36:00
AMP	0.081	-0.0123456790123	2016-06-24 17:36:00
AMP	0.082	-0.0243902439024	2016-06-27 17:36:00
AMP	0.082	0.0	2016-06-29 17:36:00
AMP	0.082	-0.0243902439024	2016-06-30 17:36:00
AMP	0.08	0.0	2016-07-01 17:36:00
AMP	0.08	0.0375	2016-07-04 17:36:00
AMP	0.08	0.0125	2016-07-05 17:36:00
AMP	0.077	0.038961038961	2016-07-06 17:36:00
AMP	0.213	0.253521126761	2017-04-04 17:36:00
AMP	0.253	0.0355731225296	2017-04-05 17:36:00
AMP	0.225	0.0933333333333	2017-04-06 17:36:00
AMP	0.238	0.063025210084	2017-04-07 17:36:00
AMP	0.242	0.0330578512397	2017-04-10 17:36:00
AMP	0.257	-0.0661478599222	2017-04-11 17:36:00
AMP	0.246	0.0121951219512	2017-04-18 17:36:00
AMP	0.253	-0.0158102766798	2017-04-19 17:36:00
AMP	0.25	0.0	2017-04-20 17:36:00
AMP	0.24	0.0208333333333	2017-04-21 17:36:00
AMP	0.245	-0.0122448979592	2017-04-24 17:36:00
AMP	0.242	0.0	2017-04-25 17:36:00
AMP	0.201	0.0796019900498	2017-06-08 17:36:00
AMP	0.202	0.0891089108911	2017-06-09 17:36:00
A3M	8.33	0.00840336134454	2016-01-15 17:36:00
A3M	8.28	0.0495169082126	2016-01-18 17:36:00
A3M	8.2	0.0536585365854	2016-01-19 17:36:00
A3M	7.88	0.10152284264	2016-01-20 17:36:00
A3M	8.0	0.08875	2016-01-21 17:36:00
A3M	9.03	-0.0376522702104	2016-06-24 17:36:00
A3M	8.67	-0.00230680507497	2016-06-27 17:36:00
A3M	8.75	-0.008	2016-06-28 17:36:00
A3M	8.85	0.0146892655367	2016-06-29 17:36:00
A3M	8.72	0.0516055045872	2016-06-30 17:36:00
A3M	8.69	0.128883774453	2016-07-04 17:36:00
A3M	8.65	0.143352601156	2016-07-05 17:36:00
A3M	8.68	0.135944700461	2016-07-06 17:36:00
CAF	34.5	0.0327536231884	2016-11-30 17:36:00
CAF	35.25	0.0068085106383	2016-12-01 17:36:00
CAF	35.04	0.00599315068493	2016-12-02 17:36:00
CAF	34.52	0.0298377752028	2016-12-05 17:36:00
CAF	35.6	0.00561797752809	2016-12-06 17:36:00
CAF	35.22	0.0315161839864	2016-12-07 17:36:00
CAF	35.63	0.0120684816166	2016-12-08 17:36:00
CAF	35.49	0.0290222597915	2016-12-09 17:36:00
CAF	35.25	0.038865248227	2016-12-12 17:36:00
CAF	35.55	0.050070323488	2016-12-13 17:36:00
CAF	35.8	0.0483240223464	2016-12-14 17:36:00
CAF	36.33	0.037985136251	2016-12-15 17:36:00
CAF	36.06	0.0457570715474	2016-12-16 17:36:00
CAF	36.52	0.0375136911281	2016-12-19 17:36:00
SAB	1.209	-0.0173697270471	2016-06-24 17:36:00
SAB	1.164	-0.0223367697595	2016-06-27 17:36:00
SAB	1.181	-0.0728196443692	2016-06-28 17:36:00
SAB	1.196	-0.0877926421405	2016-06-29 17:36:00
SAB	1.179	-0.0288379983036	2016-06-30 17:36:00
SAB	1.2	-0.0408333333333	2016-07-01 17:36:00
SAB	1.188	0.016835016835	2016-07-04 17:36:00
SAB	1.138	0.0922671353251	2016-07-05 17:36:00
SAB	1.095	0.158904109589	2016-07-06 17:36:00
SAB	1.091	0.157653528873	2016-07-07 17:36:00
SAB	1.145	0.103056768559	2016-07-08 17:36:00
SAB	1.151	0.10338835795	2016-07-11 17:36:00
SAN	3.734	0.0281199785753	2016-01-20 17:36:00
SAN	3.463	-0.0441813456541	2016-02-03 17:36:00
SAN	3.38	0.111538461538	2016-02-09 17:36:00
SAN	3.31	0.0570996978852	2016-02-11 17:36:00
SAN	3.384	0.0304373522459	2016-06-24 17:36:00
SAN	3.3	0.0251515151515	2016-06-27 17:36:00
SAN	3.358	-0.0113162596784	2016-06-28 17:36:00
SAN	3.429	0.0274132400117	2016-06-30 17:36:00
SAN	3.383	0.100798108188	2016-07-05 17:36:00
SAN	3.32	0.151807228916	2016-07-06 17:36:00
BKIA	3.36	-0.136904761905	2016-02-03 17:36:00
BKIA	3.2	-0.045	2016-02-08 17:36:00
BKIA	3.108	0.029601029601	2016-02-09 17:36:00
BKIA	3.14	-0.0140127388535	2016-02-10 17:36:00
BKIA	2.9	0.0234482758621	2016-02-11 17:36:00
BKIA	2.96	0.0121621621622	2016-02-12 17:36:00
BKIA	3.08	-0.012987012987	2016-02-15 17:36:00
BKIA	3.056	-0.0392670157068	2016-02-16 17:36:00
BKIA	3.096	-0.0297157622739	2016-02-18 17:36:00
BKIA	2.968	0.0592991913747	2016-02-19 17:36:00
BKIA	2.996	0.0574098798398	2016-02-22 17:36:00
BKIA	2.936	0.119891008174	2016-02-24 17:36:00
BKIA	2.952	0.111111111111	2016-02-25 17:36:00
BKIA	2.272	0.135563380282	2016-06-24 17:36:00
BKIA	2.428	0.0395387149918	2016-06-27 17:36:00
BKIA	2.428	0.0988467874794	2016-07-06 17:36:00
BKIA	2.416	0.109271523179	2016-07-07 17:36:00
BBVA	5.61	0.017825311943	2016-01-20 17:36:00
BIO	0.585	-0.017094017094	2017-04-07 17:36:00
BIO	0.57	0.0263157894737	2017-04-10 17:36:00
BIO	0.58	0.0775862068966	2017-04-11 17:36:00
BIO	0.57	0.105263157895	2017-04-12 17:36:00
BIO	0.58	0.0948275862069	2017-04-13 17:36:00
BIO	0.58	0.0948275862069	2017-04-18 17:36:00
BIO	0.575	0.0782608695652	2017-04-19 17:36:00
BIO	0.585	0.0683760683761	2017-04-20 17:36:00
BIO	0.495	0.0909090909091	2017-06-09 17:36:00
BAIN	15.85	0.104100946372	2017-04-13 17:36:00
BAIN	16.65	0.0510510510511	2017-04-18 17:36:00
BAIN	16.65	0.0510510510511	2017-04-19 17:36:00
BAIN	16.65	0.0510510510511	2017-04-20 17:36:00
CABK	2.672	0.00224550898204	2016-01-20 17:36:00
CABK	2.739	0.0149689667762	2016-01-21 17:36:00
CABK	2.656	-0.0380271084337	2016-01-25 17:36:00
CABK	2.555	-0.00117416829746	2016-02-02 17:36:00
CABK	2.43	-0.0205761316872	2016-02-03 17:36:00
CABK	2.501	-0.0103958416633	2016-02-04 17:36:00
CABK	2.478	0.0407586763519	2016-02-08 17:36:00
CABK	2.449	0.0943242139649	2016-02-09 17:36:00
CABK	2.38	0.0340336134454	2016-02-11 17:36:00
CABK	1.924	0.0405405405405	2016-06-24 17:36:00
CABK	1.894	0.0364308342133	2016-06-27 17:36:00
CABK	1.954	-0.0117707267144	2016-06-28 17:36:00
CABK	1.987	-0.0125817815803	2016-06-29 17:36:00
CABK	1.967	0.0279613624809	2016-06-30 17:36:00
CABK	1.931	0.133609528742	2016-07-06 17:36:00
CLNX	12.61	0.0444091990484	2016-11-14 17:36:00
CDR	1.01	-0.0891089108911	2015-11-25 17:36:00
CDR	1.0	-0.05	2015-11-30 17:36:00
CDR	0.97	-0.0721649484536	2015-12-01 17:36:00
CDR	0.94	-0.0425531914894	2015-12-02 17:36:00
CDR	0.92	-0.0869565217391	2015-12-03 17:36:00
CDR	0.92	-0.152173913043	2015-12-04 17:36:00
CDR	0.89	-0.101123595506	2015-12-07 17:36:00
CDR	0.95	-0.178947368421	2015-12-08 17:36:00
CDR	0.9	-0.0222222222222	2015-12-09 17:36:00
CDR	0.9	0.0333333333333	2015-12-10 17:36:00
CDR	0.84	0.142857142857	2015-12-11 17:36:00
CDR	0.78	0.179487179487	2015-12-14 17:36:00
CDR	0.8	0.1625	2015-12-15 17:36:00
CDR	0.78	0.205128205128	2015-12-16 17:36:00
CDR	0.81	0.0493827160494	2015-12-31 17:36:00
CDR	0.67	0.253731343284	2016-02-09 17:36:00
CDR	0.66	0.257575757576	2016-02-11 17:36:00
CDR	0.65	0.276923076923	2016-02-12 17:36:00
CDR	0.67	0.194029850746	2016-02-15 17:36:00
CDR	0.66	0.212121212121	2016-02-16 17:36:00
CDR	0.65	0.0923076923077	2016-05-18 17:36:00
CDR	0.66	0.0757575757576	2016-05-19 17:36:00
CDR	0.54	-0.185185185185	2016-06-23 17:36:00
CDR	0.45	0.0	2016-06-24 17:36:00
CDR	0.43	-0.0232558139535	2016-06-27 17:36:00
CDR	0.42	-0.0952380952381	2016-06-28 17:36:00
CDR	0.45	-0.2	2016-06-29 17:36:00
CDR	0.44	-0.136363636364	2016-06-30 17:36:00
CDR	0.44	-0.136363636364	2016-07-01 17:36:00
CDR	0.45	-0.0888888888889	2016-07-04 17:36:00
CDR	0.42	-0.047619047619	2016-07-05 17:36:00
CDR	0.38	0.0263157894737	2016-07-06 17:36:00
CDR	0.36	0.0833333333333	2016-07-07 17:36:00
CDR	0.38	0.0526315789474	2016-07-08 17:36:00
CDR	0.38	0.0263157894737	2016-07-11 17:36:00
CDR	0.41	-0.0487804878049	2016-07-12 17:36:00
CDR	0.4	-0.025	2016-07-13 17:36:00
CDR	0.39	0.0	2016-07-14 17:36:00
CDR	0.39	0.025641025641	2016-07-15 17:36:00
CDR	0.68	0.0294117647059	2017-02-13 17:36:00
CDR	0.66	0.0151515151515	2017-02-28 17:36:00
CDR	0.56	-0.125	2017-03-31 17:36:00
CDR	0.49	0.0204081632653	2017-04-03 17:36:00
CDR	0.49	0.0816326530612	2017-04-04 17:36:00
CDR	0.5	0.1	2017-04-05 17:36:00
CDR	0.48	0.104166666667	2017-04-06 17:36:00
CDR	0.49	0.0612244897959	2017-04-07 17:36:00
CDR	0.49	0.0612244897959	2017-04-10 17:36:00
CDR	0.5	0.04	2017-04-11 17:36:00
CDR	0.53	-0.0188679245283	2017-04-12 17:36:00
CDR	0.53	0.0754716981132	2017-04-18 17:36:00
CDR	0.52	0.0384615384615	2017-04-19 17:36:00
CDR	0.52	0.0	2017-04-20 17:36:00
CDR	0.47	0.0	2017-05-05 17:36:00
MDF	1.78	-0.179775280899	2015-12-02 17:36:00
MDF	1.72	-0.209302325581	2015-12-03 17:36:00
MDF	1.7	-0.217647058824	2015-12-04 17:36:00
MDF	1.6	-0.14375	2015-12-07 17:36:00
MDF	1.46	-0.0479452054795	2015-12-08 17:36:00
MDF	1.54	-0.0974025974026	2015-12-09 17:36:00
MDF	1.46	-0.0890410958904	2015-12-10 17:36:00
MDF	1.36	0.0147058823529	2015-12-11 17:36:00
MDF	1.33	0.0827067669173	2015-12-14 17:36:00
MDF	1.37	0.0729927007299	2015-12-15 17:36:00
MDF	1.39	0.0431654676259	2015-12-16 17:36:00
MDF	1.39	0.0143884892086	2015-12-18 17:36:00
MDF	1.33	0.0300751879699	2015-12-21 17:36:00
MDF	1.38	-0.0434782608696	2015-12-22 17:36:00
MDF	1.44	-0.0486111111111	2015-12-23 17:36:00
MDF	1.32	-0.121212121212	2015-12-31 17:36:00
MDF	1.24	0.0	2016-01-07 17:36:00
MDF	1.23	-0.0487804878049	2016-01-08 17:36:00
MDF	1.16	-0.00862068965517	2016-01-11 17:36:00
MDF	1.16	-0.0948275862069	2016-01-12 17:36:00
MDF	1.21	-0.099173553719	2016-01-13 17:36:00
MDF	1.17	0.034188034188	2016-01-18 17:36:00
MDF	1.15	0.0347826086957	2016-01-19 17:36:00
MDF	1.05	0.133333333333	2016-01-20 17:36:00
MDF	1.09	0.0917431192661	2016-01-21 17:36:00
MDF	1.07	-0.0373831775701	2016-02-03 17:36:00
MDF	1.31	-0.0610687022901	2016-05-10 17:36:00
MDF	1.3	-0.0769230769231	2016-05-11 17:36:00
MDF	1.31	-0.0916030534351	2016-05-13 17:36:00
MDF	1.28	-0.0234375	2016-05-16 17:36:00
MDF	1.21	0.0826446280992	2016-05-17 17:36:00
MDF	1.23	0.0731707317073	2016-05-18 17:36:00
MDF	1.2	0.0916666666667	2016-05-19 17:36:00
MDF	1.2	0.0666666666667	2016-05-20 17:36:00
MDF	1.19	0.0336134453782	2016-05-23 17:36:00
MDF	1.25	-0.016	2016-05-24 17:36:00
MDF	1.18	0.0508474576271	2016-06-03 17:36:00
MDF	1.18	0.0593220338983	2016-06-06 17:36:00
MDF	0.86	0.0581395348837	2017-05-19 17:36:00
MDF	0.84	0.0595238095238	2017-05-22 17:36:00
MDF	0.87	0.0574712643678	2017-05-23 17:36:00
MDF	0.85	0.0823529411765	2017-05-24 17:36:00
MDF	0.86	0.0116279069767	2017-05-25 17:36:00
MDF	0.87	-0.218390804598	2017-06-02 17:36:00
MDF	0.86	-0.174418604651	2017-06-05 17:36:00
MDF	0.84	-0.190476190476	2017-06-06 17:36:00
MDF	0.62	0.129032258065	2017-06-07 17:36:00
MDF	0.51	0.274509803922	2017-06-08 17:36:00
MDF	0.56	0.196428571429	2017-06-09 17:36:00
MDF	0.68	-0.0294117647059	2017-06-12 17:36:00
MDF	0.71	-0.0422535211268	2017-06-13 17:36:00
MDF	0.68	-0.0588235294118	2017-06-14 17:36:00
MDF	0.7	-0.171428571429	2017-06-15 17:36:00
MDF	0.65	-0.0615384615385	2017-06-16 17:36:00
MDF	0.67	-0.089552238806	2017-06-19 17:36:00
MDF	0.66	-0.0757575757576	2017-06-20 17:36:00
MDF	0.64	-0.03125	2017-06-22 17:36:00
MDF	0.58	0.0689655172414	2017-06-23 17:36:00
MDF	0.61	0.114754098361	2017-06-26 17:36:00
MDF	0.61	0.0983606557377	2017-06-27 17:36:00
MDF	0.61	0.0491803278689	2017-06-28 17:36:00
OLE	0.24	0.0833333333333	2015-12-14 17:36:00
OLE	0.25	0.02	2015-12-15 17:36:00
OLE	0.24	0.0208333333333	2015-12-16 17:36:00
OLE	0.245	0.0	2015-12-18 17:36:00
OLE	0.235	0.0425531914894	2015-12-30 17:36:00
OLE	0.23	0.0434782608696	2015-12-31 17:36:00
OLE	0.235	0.0212765957447	2016-01-06 17:36:00
OLE	0.165	0.0606060606061	2016-06-24 17:36:00
OLE	0.155	0.0967741935484	2016-06-27 17:36:00
OLE	0.165	-0.030303030303	2016-06-28 17:36:00
OLE	0.17	-0.0294117647059	2016-06-29 17:36:00
OLE	0.16	0.03125	2016-07-06 17:36:00
OLE	0.165	0.121212121212	2016-07-07 17:36:00
OLE	0.205	0.0	2017-03-02 17:36:00
OLE	0.21	-0.0238095238095	2017-03-03 17:36:00
OLE	0.21	-0.0238095238095	2017-03-06 17:36:00
OLE	0.21	0.0238095238095	2017-03-07 17:36:00
OLE	0.205	0.0731707317073	2017-03-08 17:36:00
OLE	0.205	0.0487804878049	2017-03-09 17:36:00
OLE	0.205	0.0243902439024	2017-03-10 17:36:00
OLE	0.205	0.0243902439024	2017-03-13 17:36:00
OLE	0.205	0.0243902439024	2017-03-14 17:36:00
OLE	0.165	0.0909090909091	2017-04-04 17:36:00
OLE	0.185	0.0	2017-04-05 17:36:00
OLE	0.18	0.0277777777778	2017-04-06 17:36:00
OLE	0.18	0.0277777777778	2017-04-07 17:36:00
OLE	0.175	0.0285714285714	2017-04-10 17:36:00
EDR	2.095	-0.0262529832936	2015-12-11 17:36:00
EDR	2.075	0.0674698795181	2015-12-14 17:36:00
EDR	2.08	0.0192307692308	2015-12-15 17:36:00
EDR	1.901	-0.0373487638085	2015-12-31 17:36:00
EDR	1.85	-0.0108108108108	2016-01-04 17:36:00
EDR	1.9	-0.104736842105	2016-01-06 17:36:00
EDR	1.89	-0.137566137566	2016-01-07 17:36:00
EDR	1.83	-0.180327868852	2016-01-11 17:36:00
EDR	1.83	-0.20218579235	2016-01-12 17:36:00
EDR	1.75	-0.154285714286	2016-01-13 17:36:00
EDR	1.701	-0.0999412110523	2016-01-14 17:36:00
EDR	1.63	-0.0552147239264	2016-01-15 17:36:00
EDR	1.45	0.0344827586207	2016-01-18 17:36:00
EDR	1.5	0.002	2016-01-19 17:36:00
EDR	1.46	0.027397260274	2016-01-20 17:36:00
EDR	1.48	0.0337837837838	2016-01-21 17:36:00
EDR	1.531	-0.0306988896146	2016-01-22 17:36:00
EDR	1.54	-0.0584415584416	2016-01-25 17:36:00
EDR	1.5	-0.0906666666667	2016-01-26 17:36:00
EDR	1.503	-0.0625415834997	2016-01-27 17:36:00
EDR	1.5	-0.1	2016-01-28 17:36:00
EDR	1.53	-0.167973856209	2016-01-29 17:36:00
EDR	1.484	-0.123989218329	2016-02-01 17:36:00
EDR	1.45	-0.106896551724	2016-02-02 17:36:00
EDR	1.364	-0.0410557184751	2016-02-03 17:36:00
EDR	1.409	-0.0773598296664	2016-02-04 17:36:00
EDR	1.35	-0.0392592592593	2016-02-05 17:36:00
EDR	1.273	-0.0102120974077	2016-02-08 17:36:00
EDR	1.3	0.0307692307692	2016-02-09 17:36:00
EDR	1.295	0.0694980694981	2016-02-10 17:36:00
EDR	1.308	0.0550458715596	2016-02-11 17:36:00
EDR	1.3	0.0792307692308	2016-02-12 17:36:00
EDR	1.297	0.0408635312259	2016-02-15 17:36:00
EDR	1.26	0.047619047619	2016-02-16 17:36:00
ENO	6.5	0.0	2016-01-18 17:36:00
ENO	6.5	-0.00769230769231	2016-01-19 17:36:00
ENO	6.25	0.0352	2016-01-20 17:36:00
ENO	6.39	0.0359937402191	2016-01-21 17:36:00
ENO	6.55	-0.030534351145	2016-01-22 17:36:00
ENO	6.52	-0.0260736196319	2016-01-25 17:36:00
ENO	6.5	-0.0292307692308	2016-01-26 17:36:00
ENO	6.45	-0.031007751938	2016-01-27 17:36:00
ENO	6.47	-0.0139103554869	2016-01-28 17:36:00
ENO	6.62	-0.0302114803625	2016-01-29 17:36:00
ENO	6.35	0.00629921259843	2016-02-01 17:36:00
ENO	6.35	0.00944881889764	2016-02-02 17:36:00
ENO	6.31	-0.0206022187005	2016-02-03 17:36:00
ENO	6.25	-0.016	2016-02-04 17:36:00
ENC	2.72	0.0698529411765	2016-01-18 17:36:00
ENC	2.73	0.043956043956	2016-01-19 17:36:00
ENC	2.52	0.115079365079	2016-01-20 17:36:00
ENC	2.62	0.114503816794	2016-01-21 17:36:00
ENC	2.645	0.100189035917	2016-01-22 17:36:00
ENC	2.57	-0.0194552529183	2016-02-08 17:36:00
ENC	2.55	0.0549019607843	2016-02-09 17:36:00
ENC	2.49	0.0642570281124	2016-02-11 17:36:00
ENC	2.365	0.0169133192389	2016-05-03 17:36:00
ENC	2.35	0.0212765957447	2016-05-04 17:36:00
ENC	2.005	0.072319201995	2016-06-27 17:36:00
ENC	1.81	0.0911602209945	2016-10-14 17:36:00
ECR	0.51	-0.0529411764706	2016-01-18 17:36:00
ECR	0.471	0.0276008492569	2016-01-19 17:36:00
ECR	0.5	-0.01	2016-01-20 17:36:00
ECR	0.508	-0.0157480314961	2016-01-21 17:36:00
ECR	0.494	0.0728744939271	2016-01-22 17:36:00
ECR	0.487	0.0554414784394	2016-01-25 17:36:00
ECR	0.483	0.0538302277433	2016-01-26 17:36:00
ECR	0.484	0.095041322314	2016-01-27 17:36:00
ECR	0.495	0.149494949495	2016-01-28 17:36:00
ECR	0.5	0.15	2016-01-29 17:36:00
ECR	2.597	0.0566037735849	2017-04-18 17:36:00
ECR	2.615	0.0195028680688	2017-04-19 17:36:00
ECR	2.606	0.0514198004605	2017-04-20 17:36:00
ECR	2.521	0.0674335581119	2017-04-21 17:36:00
ECR	2.523	0.0543004359889	2017-04-24 17:36:00
EZE	0.48	-0.0479166666667	2015-12-09 17:36:00
EZE	0.46	-0.0717391304348	2015-12-10 17:36:00
EZE	0.475	-0.107368421053	2015-12-11 17:36:00
EZE	0.451	-0.0155210643016	2015-12-14 17:36:00
EZE	0.464	-0.073275862069	2015-12-15 17:36:00
EZE	0.46	0.152173913043	2015-12-16 17:36:00
EZE	0.457	0.249452954048	2015-12-18 17:36:00
EZE	0.427	0.24355971897	2015-12-21 17:36:00
EZE	0.424	0.181603773585	2015-12-22 17:36:00
EZE	0.444	0.0968468468468	2015-12-23 17:36:00
EZE	0.43	0.16511627907	2015-12-24 17:36:00
EZE	0.43	-0.0651162790698	2016-01-11 17:36:00
EZE	0.432	-0.0949074074074	2016-01-12 17:36:00
EZE	0.416	0.00721153846154	2016-01-14 17:36:00
EZE	0.393	0.0229007633588	2016-01-15 17:36:00
EZE	0.391	0.0434782608696	2016-01-18 17:36:00
EZE	0.402	0.0199004975124	2016-01-19 17:36:00
EZE	0.391	0.0409207161125	2016-01-20 17:36:00
EZE	0.39	-0.153846153846	2016-01-29 17:36:00
EZE	0.375	-0.152	2016-02-02 17:36:00
EZE	0.348	-0.175287356322	2016-02-03 17:36:00
EZE	0.368	-0.222826086957	2016-02-04 17:36:00
EZE	0.356	-0.143258426966	2016-02-05 17:36:00
EZE	0.33	-0.109090909091	2016-02-08 17:36:00
EZE	0.314	0.0382165605096	2016-02-09 17:36:00
EZE	0.318	0.0345911949686	2016-02-10 17:36:00
EZE	0.287	0.0975609756098	2016-02-11 17:36:00
EZE	0.286	0.125874125874	2016-02-12 17:36:00
EZE	0.305	0.0327868852459	2016-02-15 17:36:00
EZE	0.294	0.0544217687075	2016-02-16 17:36:00
EZE	0.326	-0.00306748466258	2016-02-17 17:36:00
EZE	0.315	0.244444444444	2016-02-19 17:36:00
EZE	0.315	0.174603174603	2016-02-23 17:36:00
EZE	0.31	0.316129032258	2016-02-24 17:36:00
EZE	0.333	0.0810810810811	2016-06-17 17:36:00
EZE	0.335	0.313432835821	2016-06-24 17:36:00
EZE	0.457	0.019693654267	2016-11-08 17:36:00
FCC	5.69	0.0115992970123	2015-12-08 17:36:00
GCO	23.88	0.000837520938023	2016-02-09 17:36:00
GCO	24.5	-0.0204081632653	2016-02-10 17:36:00
GCO	23.28	0.0313573883162	2016-02-11 17:36:00
GCO	23.4	0.0384615384615	2016-02-12 17:36:00
GCO	23.81	0.0277194456111	2016-02-15 17:36:00
GCO	23.37	0.0517757809157	2016-02-16 17:36:00
GCO	23.9	0.0594142259414	2016-02-17 17:36:00
GRF	20.5	-0.0273170731707	2016-01-04 17:36:00
GRF	20.835	-0.0422366210703	2016-01-05 17:36:00
GRF	20.54	-0.0421129503408	2016-01-06 17:36:00
GRF	20.48	-0.06640625	2016-01-07 17:36:00
GRF	20.3	-0.0682266009852	2016-01-08 17:36:00
GRF	19.895	-0.0276451369691	2016-01-11 17:36:00
GRF	19.94	-0.0463891675025	2016-01-12 17:36:00
GRF	19.955	-0.0428464044099	2016-01-13 17:36:00
GRF	19.675	-0.0147395171537	2016-01-14 17:36:00
GRF	19.12	0.0214435146444	2016-01-15 17:36:00
GRF	18.915	0.01506740682	2016-01-18 17:36:00
GRF	19.345	-0.00568622383045	2016-01-19 17:36:00
GRF	19.015	-0.0194583223771	2016-01-20 17:36:00
GRF	19.1	0.00287958115183	2016-01-21 17:36:00
GRF	19.385	-0.00438483363425	2016-01-22 17:36:00
GRF.P	15.3	-0.0787581699346	2016-01-04 17:36:00
GRF.P	14.68	-0.0476839237057	2016-01-05 17:36:00
GRF.P	14.79	-0.0608519269777	2016-01-06 17:36:00
GRF.P	14.64	-0.051912568306	2016-01-07 17:36:00
GRF.P	14.47	-0.0753282653766	2016-01-08 17:36:00
GRF.P	14.005	-0.0264191360228	2016-01-11 17:36:00
GRF.P	14.095	-0.03760198652	2016-01-12 17:36:00
GRF.P	13.98	-0.032904148784	2016-01-13 17:36:00
GRF.P	13.89	-0.0100791936645	2016-01-14 17:36:00
GRF.P	13.88	0.00180115273775	2016-01-15 17:36:00
GRF.P	13.38	0.0276532137519	2016-01-18 17:36:00
GRF.P	13.635	0.01833516685	2016-01-19 17:36:00
GRF.P	13.565	-0.0187983781791	2016-01-20 17:36:00
GRF.P	13.52	0.0103550295858	2016-01-21 17:36:00
GRF.P	13.75	-0.00363636363636	2016-01-22 17:36:00
HIS	10.885	0.0133210840606	2016-01-19 17:36:00
HIS	10.74	0.0633147113594	2016-01-21 17:36:00
IAG	6.109	0.089540022917	2016-02-08 17:36:00
IAG	6.162	0.10029211295	2016-02-09 17:36:00
IAG	6.082	0.153074646498	2016-02-11 17:36:00
IAG	6.18	0.115857605178	2016-02-12 17:36:00
IAG	5.018	-0.10840972499	2016-06-24 17:36:00
IAG	4.118	0.0820786789704	2016-06-27 17:36:00
IAG	4.278	-0.036231884058	2016-06-28 17:36:00
IAG	4.366	-0.0341273476867	2016-06-29 17:36:00
IAG	4.425	-0.0090395480226	2016-06-30 17:36:00
IAG	4.537	0.00991844831386	2016-07-01 17:36:00
IAG	4.474	0.088287885561	2016-07-04 17:36:00
IAG	4.456	0.0906642728905	2016-07-05 17:36:00
IAG	4.123	0.237691001698	2016-07-06 17:36:00
IAG	4.217	0.202039364477	2016-07-07 17:36:00
IAG	4.385	0.177423033067	2016-07-08 17:36:00
IAG	4.582	0.103011785247	2016-07-11 17:36:00
IBG	24.85	0.0861167002012	2017-07-12 17:36:00
IDR	9.45	0.0378835978836	2016-11-15 17:36:00
ISUR	7.7	0.025974025974	2015-12-08 17:36:00
ISUR	7.7	0.0779220779221	2015-12-09 17:36:00
ISUR	7.3	0.0890410958904	2015-12-14 17:36:00
ISUR	6.22	0.102893890675	2016-01-18 17:36:00
ISUR	6.1	0.044262295082	2016-01-19 17:36:00
ISUR	6.05	0.0743801652893	2016-01-20 17:36:00
ISUR	6.05	0.0677685950413	2016-01-21 17:36:00
ISUR	6.48	0.00308641975309	2016-01-22 17:36:00
ISUR	6.5	-0.0215384615385	2016-01-25 17:36:00
ISUR	6.37	0.0753532182104	2016-01-27 17:36:00
ISUR	6.5	0.0415384615385	2016-01-28 17:36:00
ISUR	6.46	0.0294117647059	2016-01-29 17:36:00
ISUR	6.36	0.0172955974843	2016-02-02 17:36:00
ISUR	7.31	0.190150478796	2016-06-24 17:36:00
ISUR	7.3	0.168493150685	2016-06-27 17:36:00
INY	0.205	0.0	2017-04-04 17:36:00
INY	0.21	-0.0238095238095	2017-04-05 17:36:00
INY	0.22	-0.0681818181818	2017-04-06 17:36:00
INY	0.215	0.0	2017-04-07 17:36:00
INY	0.21	0.0238095238095	2017-04-10 17:36:00
INY	0.21	0.0952380952381	2017-04-11 17:36:00
INY	0.205	0.121951219512	2017-04-12 17:36:00
INY	0.205	0.121951219512	2017-04-13 17:36:00
INY	0.205	0.0731707317073	2017-04-18 17:36:00
INY	0.215	0.0232558139535	2017-04-19 17:36:00
INY	0.18	0.0	2017-06-09 17:36:00
INY	0.185	-0.0540540540541	2017-06-13 17:36:00
INY	0.18	-0.0555555555556	2017-06-19 17:36:00
INY	0.175	-0.0285714285714	2017-06-20 17:36:00
INY	0.175	-0.0285714285714	2017-06-21 17:36:00
INY	0.18	-0.0277777777778	2017-06-22 17:36:00
INY	0.175	0.0285714285714	2017-06-23 17:36:00
INY	0.17	0.0588235294118	2017-06-26 17:36:00
INY	0.17	0.0294117647059	2017-06-27 17:36:00
INY	0.17	0.0294117647059	2017-06-28 17:36:00
INY	0.17	-0.0588235294118	2017-06-29 17:36:00
INY	0.16	0.3	2017-07-07 17:36:00
INY	0.155	0.329032258065	2017-07-10 17:36:00
INY	0.155	0.316129032258	2017-07-11 17:36:00
INY	0.15	0.333333333333	2017-07-12 17:36:00
INY	0.175	0.0	2017-08-28 17:36:00
LBK	1.299	-0.044649730562	2016-01-19 17:36:00
LBK	1.154	0.0138648180243	2016-01-20 17:36:00
LBK	1.22	0.0418032786885	2016-01-21 17:36:00
LBK	1.22	0.016393442623	2016-01-22 17:36:00
LBK	1.17	0.017094017094	2016-01-25 17:36:00
LBK	1.2	-0.0583333333333	2016-01-26 17:36:00
LBK	1.241	-0.0701047542305	2016-01-27 17:36:00
LBK	1.17	-0.017094017094	2016-01-28 17:36:00
LBK	1.271	-0.151062155783	2016-01-29 17:36:00
LBK	1.24	-0.191129032258	2016-02-01 17:36:00
LBK	1.19	-0.101680672269	2016-02-02 17:36:00
LBK	1.13	-0.123008849558	2016-02-03 17:36:00
LBK	1.154	-0.124783362218	2016-02-04 17:36:00
LBK	1.15	-0.0608695652174	2016-02-05 17:36:00
LBK	1.079	0.00278035217794	2016-02-08 17:36:00
LBK	1.003	0.0767696909272	2016-02-09 17:36:00
LBK	1.069	-0.0271281571562	2016-02-10 17:36:00
LBK	0.991	0.0221997981837	2016-02-11 17:36:00
LBK	1.01	0.0584158415842	2016-02-12 17:36:00
LBK	1.013	0.0463968410661	2016-02-19 17:36:00
LBK	0.983	0.10986775178	2016-02-24 17:36:00
LBK	0.96	0.1875	2016-02-25 17:36:00
LBK	0.783	-0.190293742018	2016-06-16 17:36:00
LBK	0.634	-0.0536277602524	2016-06-24 17:36:00
LBK	0.558	0.0215053763441	2016-06-27 17:36:00
LBK	0.591	-0.0795262267343	2016-06-28 17:36:00
LBK	0.61	-0.137704918033	2016-06-29 17:36:00
LBK	0.594	-0.0454545454545	2016-06-30 17:36:00
LBK	0.59	-0.0186440677966	2016-07-01 17:36:00
LBK	0.6	0.015	2016-07-04 17:36:00
LBK	0.57	0.210526315789	2016-07-05 17:36:00
LBK	0.544	0.290441176471	2016-07-06 17:36:00
LBK	0.526	0.279467680608	2016-07-07 17:36:00
LBK	0.567	0.20811287478	2016-07-08 17:36:00
LBK	0.579	0.222797927461	2016-07-11 17:36:00
LBK	0.825	0.0666666666667	2017-06-08 17:36:00
LBK	0.68	0.276470588235	2017-06-09 17:36:00
LBK	0.96	-0.09375	2017-06-12 17:36:00
LBK	0.827	0.043530834341	2017-06-13 17:36:00
LBK	0.841	0.0332936979786	2017-06-14 17:36:00
LBK	0.831	0.0324909747292	2017-06-15 17:36:00
LBK	0.88	-0.0568181818182	2017-06-16 17:36:00
LBK	0.868	-0.0610599078341	2017-06-19 17:36:00
LBK	0.87	-0.0172413793103	2017-06-20 17:36:00
LBK	0.863	0.0196987253766	2017-06-21 17:36:00
LBK	0.869	0.0345224395857	2017-06-22 17:36:00
LBK	0.858	0.0547785547786	2017-06-23 17:36:00
LBK	0.83	0.146987951807	2017-06-26 17:36:00
LBK	0.815	0.161963190184	2017-06-27 17:36:00
LGT	7.39	0.00676589986468	2015-12-14 17:36:00
LGT	16.0	0.085	2017-08-01 17:36:00
LGT	16.2	0.0617283950617	2017-08-02 17:36:00
MAP	1.68	0.0333333333333	2016-02-11 17:36:00
MAP	1.71	0.0426900584795	2016-02-12 17:36:00
MEL	9.245	-0.0892374256355	2016-02-03 17:36:00
MEL	9.26	-0.0836933045356	2016-02-04 17:36:00
MEL	9.125	-0.0405479452055	2016-02-05 17:36:00
MEL	8.6	0.00523255813953	2016-02-08 17:36:00
MEL	8.575	0.0711370262391	2016-02-09 17:36:00
MEL	8.98	0.0345211581292	2016-02-10 17:36:00
MEL	8.42	0.0920427553444	2016-02-11 17:36:00
MEL	8.485	0.0966411314084	2016-02-12 17:36:00
MEL	8.755	0.043974871502	2016-02-15 17:36:00
MEL	8.645	0.0462695199537	2016-02-16 17:36:00
MCM	22.44	-0.00623885918004	2016-11-01 17:36:00
MCM	21.85	0.00228832951945	2016-11-02 17:36:00
MCM	21.29	0.00657585720996	2016-11-03 17:36:00
MCM	21.44	-0.0289179104478	2016-11-04 17:36:00
MCM	20.84	0.0292706333973	2016-11-07 17:36:00
MCM	22.0	-0.0290909090909	2016-11-08 17:36:00
MCM	22.3	-0.0367713004484	2016-11-09 17:36:00
MCM	21.9	-0.00867579908676	2016-11-10 17:36:00
MCM	21.43	0.0233317778815	2016-11-11 17:36:00
MCM	20.82	0.0441882804995	2016-11-14 17:36:00
MCM	21.45	0.0121212121212	2016-11-15 17:36:00
MCM	21.36	0.0229400749064	2016-11-16 17:36:00
MCM	21.48	-0.006052141527	2016-11-17 17:36:00
MCM	21.71	0.0133578995854	2016-11-18 17:36:00
MTB	2.28	0.0350877192982	2017-04-04 17:36:00
MTB	2.39	-0.0292887029289	2017-04-05 17:36:00
MTB	2.4	-0.0416666666667	2017-04-06 17:36:00
MTB	2.39	-0.0543933054393	2017-04-07 17:36:00
MTB	2.31	0.00865800865801	2017-04-10 17:36:00
MTB	2.37	-0.0210970464135	2017-04-11 17:36:00
MTB	2.36	-0.00423728813559	2017-04-12 17:36:00
MTB	2.32	0.0323275862069	2017-04-13 17:36:00
MTB	2.3	0.132608695652	2017-04-18 17:36:00
MTB	2.26	0.170353982301	2017-04-19 17:36:00
MTB	2.33	0.0965665236052	2017-04-20 17:36:00
MTB	2.32	0.118534482759	2017-04-21 17:36:00
NAT	0.265	0.0377358490566	2016-01-06 17:36:00
NAT	0.25	0.08	2016-01-07 17:36:00
NAT	0.235	0.127659574468	2016-01-08 17:36:00
NAT	0.24	0.125	2016-01-11 17:36:00
NAT	0.26	0.0769230769231	2016-01-12 17:36:00
NAT	0.27	0.0925925925926	2016-01-13 17:36:00
NAT	0.275	0.0909090909091	2016-01-14 17:36:00
NAT	0.27	0.0740740740741	2016-01-15 17:36:00
NAT	0.265	0.490566037736	2016-01-18 17:36:00
NAT	0.27	0.307407407407	2016-01-19 17:36:00
NAT	0.35	0.0428571428571	2016-06-24 17:36:00
NAT	0.355	0.154929577465	2016-07-06 17:36:00
NAT	0.615	-0.0569105691057	2017-04-03 17:36:00
NAT	0.56	0.0178571428571	2017-04-04 17:36:00
NAT	0.575	-0.00869565217391	2017-04-05 17:36:00
NAT	0.595	-0.0504201680672	2017-04-06 17:36:00
NAT	0.58	-0.0258620689655	2017-04-07 17:36:00
NAT	0.585	-0.00854700854701	2017-04-10 17:36:00
NAT	0.58	0.0172413793103	2017-04-11 17:36:00
NAT	0.57	0.0526315789474	2017-04-12 17:36:00
NAT	0.57	0.0614035087719	2017-04-13 17:36:00
NAT	0.565	0.115044247788	2017-04-18 17:36:00
NAT	0.565	0.12389380531	2017-04-19 17:36:00
NAT	0.48	0.0416666666667	2017-06-07 17:36:00
NAT	0.44	0.125	2017-06-08 17:36:00
NAT	0.43	0.220930232558	2017-06-09 17:36:00
NAT	0.455	0.10989010989	2017-06-12 17:36:00
NAT	0.445	0.101123595506	2017-06-13 17:36:00
NAT	0.485	-0.020618556701	2017-06-14 17:36:00
NAT	0.5	-0.05	2017-06-15 17:36:00
NAT	0.495	-0.030303030303	2017-06-16 17:36:00
NAT	0.475	-0.0315789473684	2017-06-22 17:36:00
NAT	0.475	-0.0210526315789	2017-06-23 17:36:00
NTH	3.62	0.0828729281768	2015-12-21 17:36:00
NTH	3.56	0.0814606741573	2015-12-22 17:36:00
NTH	3.583	0.0937761652247	2015-12-23 17:36:00
NHH	4.085	-0.0685434516524	2016-01-15 17:36:00
NHH	3.98	-0.0314070351759	2016-01-18 17:36:00
NHH	3.965	-0.0252206809584	2016-01-19 17:36:00
NHH	3.84	-0.0221354166667	2016-01-20 17:36:00
NHH	3.725	0.0228187919463	2016-01-21 17:36:00
NHH	3.855	0.00259403372244	2016-01-22 17:36:00
NHH	3.805	-0.0381077529566	2016-01-25 17:36:00
NHH	3.855	-0.0959792477302	2016-01-26 17:36:00
NHH	3.865	-0.0633893919793	2016-01-27 17:36:00
NHH	3.755	-0.0532623169108	2016-01-28 17:36:00
NHH	3.81	-0.12467191601	2016-01-29 17:36:00
NHH	3.865	-0.151358344114	2016-02-01 17:36:00
NHH	3.66	-0.0478142076503	2016-02-02 17:36:00
NHH	3.485	-0.0588235294118	2016-02-03 17:36:00
NHH	3.62	-0.0773480662983	2016-02-04 17:36:00
NHH	3.555	-0.0393811533052	2016-02-05 17:36:00
NHH	3.335	0.0359820089955	2016-02-08 17:36:00
NHH	3.28	0.114329268293	2016-02-09 17:36:00
NHH	3.485	0.0688665710187	2016-02-10 17:36:00
NHH	3.28	0.126524390244	2016-02-11 17:36:00
NHH	3.34	0.12874251497	2016-02-12 17:36:00
NHH	3.415	0.086383601757	2016-02-15 17:36:00
NHH	3.62	0.00828729281768	2016-06-27 17:36:00
NHH	3.685	-0.0420624151967	2016-06-28 17:36:00
NHH	3.65	0.0684931506849	2016-07-05 17:36:00
NHH	3.53	0.0991501416431	2016-07-06 17:36:00
NHH	3.655	0.0451436388509	2016-07-07 17:36:00
OHL	8.491	-0.141443881757	2015-10-16 17:36:00
OHL	7.96	-0.120351758794	2015-10-19 17:36:00
OHL	7.645	-0.0937867887508	2015-10-20 17:36:00
OHL	7.338	-0.0737258108476	2015-10-21 17:36:00
OHL	7.115	0.025158116655	2015-10-22 17:36:00
OHL	7.136	0.038817264574	2015-10-23 17:36:00
OHL	7.29	0.0496570644719	2015-10-26 17:36:00
OHL	7.002	0.0428449014567	2015-10-27 17:36:00
OHL	6.928	0.0135681293303	2015-10-28 17:36:00
OHL	6.797	0.0403119023098	2015-10-29 17:36:00
OHL	7.294	-0.0520976144777	2015-10-30 17:36:00
OHL	6.277	0.0337740959057	2015-11-23 17:36:00
OHL	5.546	-0.0185719437432	2015-12-08 17:36:00
OHL	5.498	-0.00491087668243	2015-12-09 17:36:00
OHL	5.574	-0.0611768927162	2015-12-10 17:36:00
OHL	5.577	-0.0218755603371	2015-12-11 17:36:00
OHL	5.174	0.0970235794356	2015-12-14 17:36:00
OHL	5.391	0.0545353366722	2015-12-15 17:36:00
OHL	5.233	0.0412765144277	2015-12-21 17:36:00
OHL	4.709	-0.0713527288172	2016-01-07 17:36:00
OHL	4.669	-0.0835296637396	2016-01-08 17:36:00
OHL	4.475	-0.0585474860335	2016-01-11 17:36:00
OHL	4.496	-0.107651245552	2016-01-12 17:36:00
OHL	4.642	-0.13657906075	2016-01-13 17:36:00
OHL	4.373	-0.00160073176309	2016-01-15 17:36:00
OHL	4.279	0.079925216172	2016-01-18 17:36:00
OHL	4.213	0.107999050558	2016-01-19 17:36:00
OHL	4.012	0.185443668993	2016-01-20 17:36:00
OHL	4.008	0.22130738523	2016-01-21 17:36:00
OHL	4.366	0.0469537333944	2016-01-25 17:36:00
OHL	4.35	-0.00781609195402	2016-06-10 17:36:00
OHL	4.243	-0.0242752769267	2016-06-13 17:36:00
OHL	4.019	0.0311022642448	2016-06-14 17:36:00
OHL	4.039	0.0646199554345	2016-06-15 17:36:00
OHL	3.818	-0.0586694604505	2016-06-16 17:36:00
OHL	4.187	-0.15476474803	2016-06-17 17:36:00
OHL	4.14	-0.217874396135	2016-06-21 17:36:00
OHL	4.144	-0.244691119691	2016-06-22 17:36:00
OHL	3.594	-0.079020589872	2016-06-24 17:36:00
OHL	3.539	-0.115569369878	2016-06-27 17:36:00
OHL	3.51	-0.135612535613	2016-06-28 17:36:00
OHL	3.238	-0.046942557134	2016-06-29 17:36:00
OHL	3.13	0.0351437699681	2016-06-30 17:36:00
OHL	3.348	-0.00716845878136	2016-07-01 17:36:00
OHL	3.31	0.0574018126888	2016-07-04 17:36:00
OHL	3.13	0.070607028754	2016-07-05 17:36:00
OHL	3.034	0.134805537245	2016-07-06 17:36:00
OHL	3.086	0.0855476344783	2016-07-07 17:36:00
OHL	3.24	0.033950617284	2016-07-08 17:36:00
OHL	2.778	-0.172426205904	2016-08-02 17:36:00
OHL	2.109	0.0787102892366	2016-08-03 17:36:00
OHL	2.11	0.0957345971564	2016-08-04 17:36:00
OHL	2.279	-0.00351031154015	2016-08-05 17:36:00
OHL	2.359	-0.0462060194998	2016-08-08 17:36:00
OHL	2.25	-0.0248888888889	2016-08-09 17:36:00
OHL	2.299	-0.0408873423227	2016-08-10 17:36:00
OHL	2.275	-0.0373626373626	2016-08-11 17:36:00
OHL	2.312	-0.0268166089965	2016-08-12 17:36:00
OHL	2.271	0.0127697049758	2016-08-15 17:36:00
OHL	2.25	0.076	2016-08-16 17:36:00
OHL	2.194	0.184594348222	2016-08-17 17:36:00
OHL	2.205	0.303401360544	2016-08-18 17:36:00
OHL	2.19	0.288127853881	2016-08-19 17:36:00
OHL	2.927	-0.108302015716	2016-11-15 17:36:00
OHL	2.81	-0.0775800711744	2016-11-16 17:36:00
OHL	2.603	-0.0242028428736	2016-11-17 17:36:00
OHL	2.72	-0.102941176471	2016-11-18 17:36:00
OHL	2.608	-0.0506134969325	2016-11-21 17:36:00
OHL	2.65	-0.0290566037736	2016-11-22 17:36:00
OHL	2.61	-0.00383141762452	2016-11-23 17:36:00
OHL	2.592	-0.0216049382716	2016-11-24 17:36:00
OHL	2.54	0.0511811023622	2016-11-25 17:36:00
OHL	2.44	0.190163934426	2016-11-28 17:36:00
OHL	2.476	0.176090468498	2016-11-29 17:36:00
OHL	2.573	0.10765643218	2016-11-30 17:36:00
OHL	2.6	0.106538461538	2016-12-01 17:36:00
OHL	2.536	0.115930599369	2016-12-02 17:36:00
OHL	3.583	-0.0175830309796	2017-05-15 17:36:00
OHL	3.527	0.0121916643039	2017-05-16 17:36:00
OHL	3.465	0.00663780663781	2017-05-17 17:36:00
OHL	3.33	0.0435435435435	2017-05-18 17:36:00
OHL	3.28	0.0829268292683	2017-05-19 17:36:00
OHL	3.533	-0.0370789697141	2017-05-22 17:36:00
OHL	3.52	-0.0579545454545	2017-05-23 17:36:00
OHL	3.244	-0.149198520345	2017-06-01 17:36:00
OHL	3.22	-0.108074534161	2017-06-02 17:36:00
OHL	3.053	-0.0458565345562	2017-06-06 17:36:00
OHL	3.041	0.0582045379809	2017-06-07 17:36:00
OHL	2.674	0.200448765894	2017-06-08 17:36:00
OHL	2.76	0.15	2017-06-09 17:36:00
OHL	2.872	0.121169916435	2017-06-12 17:36:00
OHL	2.806	0.212401995723	2017-06-13 17:36:00
OHL	2.913	0.148300720906	2017-06-14 17:36:00
ORY	2.573	0.0843373493976	2017-06-09 17:36:00
ORY	2.57	0.00389105058366	2017-06-21 17:36:00
ORY	2.452	-0.00734094616639	2017-07-05 17:36:00
ORY	2.105	0.0275534441805	2017-07-20 17:36:00
ORY	2.18	-0.0178899082569	2017-07-21 17:36:00
ORY	2.25	-0.0555555555556	2017-07-25 17:36:00
ORY	2.172	-0.000920810313076	2017-07-26 17:36:00
ORY	2.171	-0.016582220175	2017-07-27 17:36:00
ORY	2.163	0.000924641701341	2017-07-28 17:36:00
ORY	2.141	0.0135450723961	2017-07-31 17:36:00
ORY	2.18	-0.00412844036697	2017-08-01 17:36:00
ORY	2.125	0.0122352941176	2017-08-02 17:36:00
ORY	2.135	0.0491803278689	2017-08-04 17:36:00
PHM	3.025	-0.0314049586777	2015-12-14 17:36:00
PHM	2.84	-0.0422535211268	2015-12-18 17:36:00
PHM	2.76	-0.0652173913043	2015-12-21 17:36:00
PHM	2.82	-0.109929078014	2015-12-22 17:36:00
PHM	2.815	-0.0781527531083	2015-12-28 17:36:00
PHM	2.72	-0.0477941176471	2015-12-29 17:36:00
PHM	2.58	-0.0426356589147	2015-12-30 17:36:00
PHM	2.51	-0.0637450199203	2015-12-31 17:36:00
PHM	2.57	-0.0778210116732	2016-01-04 17:36:00
PHM	2.67	-0.0711610486891	2016-01-05 17:36:00
PHM	2.595	-0.0134874759152	2016-01-06 17:36:00
PHM	2.59	-0.0579150579151	2016-01-07 17:36:00
PHM	2.47	-0.0526315789474	2016-01-08 17:36:00
PHM	2.35	-0.0063829787234	2016-01-11 17:36:00
PHM	2.37	-0.118143459916	2016-01-12 17:36:00
PHM	2.48	-0.141129032258	2016-01-13 17:36:00
PHM	2.44	-0.112704918033	2016-01-15 17:36:00
PHM	2.34	-0.0384615384615	2016-01-18 17:36:00
PHM	2.335	-0.0149892933619	2016-01-19 17:36:00
PHM	2.09	0.162679425837	2016-01-20 17:36:00
PHM	2.13	0.0915492957746	2016-01-21 17:36:00
PHM	2.2	0.0636363636364	2016-01-22 17:36:00
PHM	2.165	0.00692840646651	2016-01-25 17:36:00
PHM	2.25	-0.0755555555556	2016-01-26 17:36:00
PHM	2.08	-0.170673076923	2016-02-03 17:36:00
PHM	2.09	-0.16985645933	2016-02-04 17:36:00
PHM	2.04	-0.112745098039	2016-02-05 17:36:00
PHM	1.98	-0.0909090909091	2016-02-08 17:36:00
PHM	1.81	0.0386740331492	2016-02-09 17:36:00
PHM	1.8	0.130555555556	2016-02-10 17:36:00
PHM	1.725	0.153623188406	2016-02-11 17:36:00
PHM	1.735	0.175792507205	2016-02-12 17:36:00
PHM	1.81	0.121546961326	2016-02-15 17:36:00
PHM	1.8	0.1	2016-02-16 17:36:00
PHM	1.88	0.0851063829787	2016-02-17 17:36:00
PHM	2.39	-0.0606694560669	2016-05-10 17:36:00
PHM	2.41	-0.0912863070539	2016-05-11 17:36:00
PHM	2.34	-0.0277777777778	2016-05-12 17:36:00
PHM	2.33	-0.00429184549356	2016-05-13 17:36:00
PHM	2.345	0.0191897654584	2016-05-16 17:36:00
PHM	2.405	0.010395010395	2016-05-17 17:36:00
PHM	2.245	0.102449888641	2016-05-18 17:36:00
PHM	2.19	0.134703196347	2016-05-19 17:36:00
PHM	2.275	0.0813186813187	2016-05-20 17:36:00
PHM	2.32	0.0754310344828	2016-05-23 17:36:00
PHM	1.91	0.196335078534	2016-06-24 17:36:00
PHM	1.9	0.171052631579	2016-06-27 17:36:00
PHM	1.95	0.0564102564103	2016-06-28 17:36:00
QBT	3.4	-0.132352941176	2015-11-16 17:36:00
QBT	3.3	-0.227272727273	2015-11-17 17:36:00
QBT	3.2	-0.171875	2015-11-18 17:36:00
QBT	3.15	-0.15873015873	2015-11-19 17:36:00
QBT	3.2	-0.1875	2015-11-20 17:36:00
QBT	3.05	-0.16393442623	2015-11-23 17:36:00
QBT	2.95	-0.169491525424	2015-11-24 17:36:00
QBT	2.55	0.0196078431373	2015-11-25 17:36:00
QBT	2.65	0.301886792453	2015-11-26 17:36:00
QBT	2.65	0.415094339623	2015-11-27 17:36:00
QBT	2.6	0.346153846154	2015-11-30 17:36:00
QBT	2.55	0.450980392157	2015-12-01 17:36:00
QBT	2.45	0.530612244898	2015-12-02 17:36:00
QBT	2.6	0.173076923077	2015-12-03 17:36:00
QBT	2.65	-0.0754716981132	2015-12-16 17:36:00
QBT	2.45	-0.0204081632653	2015-12-18 17:36:00
QBT	2.35	0.0425531914894	2015-12-21 17:36:00
QBT	2.55	-0.0196078431373	2015-12-22 17:36:00
QBT	2.5	-0.04	2015-12-23 17:36:00
QBT	2.5	-0.02	2015-12-24 17:36:00
QBT	2.45	-0.0204081632653	2015-12-28 17:36:00
QBT	2.4	0.0	2015-12-29 17:36:00
QBT	2.2	-0.0227272727273	2016-01-11 17:36:00
QBT	2.05	0.0	2016-01-15 17:36:00
QBT	2.0	0.05	2016-01-18 17:36:00
QBT	2.05	0.0487804878049	2016-01-20 17:36:00
QBT	2.05	0.0731707317073	2016-01-25 17:36:00
QBT	1.9	-0.0263157894737	2016-02-08 17:36:00
QBT	1.85	0.027027027027	2016-02-09 17:36:00
QBT	1.75	0.0285714285714	2016-02-10 17:36:00
QBT	1.75	0.0285714285714	2016-02-11 17:36:00
QBT	1.75	0.0285714285714	2016-02-12 17:36:00
QBT	1.485	0.279461279461	2016-05-17 17:36:00
QBT	1.373	0.321922796795	2016-05-18 17:36:00
QBT	1.37	0.496350364964	2016-05-19 17:36:00
QBT	1.419	0.431289640592	2016-05-20 17:36:00
QBT	1.434	0.413528591353	2016-05-23 17:36:00
QBT	1.45	0.114482758621	2016-06-24 17:36:00
QBT	1.451	0.0689179875948	2016-06-27 17:36:00
QBT	1.49	0.0201342281879	2016-06-28 17:36:00
QBT	1.52	0.140789473684	2016-07-06 17:36:00
QBT	1.85	0.0708108108108	2017-04-21 17:36:00
REP	9.302	-0.0721350247259	2016-01-07 17:36:00
REP	8.929	-0.0552133497592	2016-01-08 17:36:00
REP	8.736	-0.0270146520147	2016-01-11 17:36:00
REP	8.611	-0.0682847520613	2016-01-12 17:36:00
REP	8.827	-0.0529058570296	2016-01-13 17:36:00
REP	8.631	0.00254895145406	2016-01-15 17:36:00
REP	8.436	0.0698198198198	2016-01-18 17:36:00
REP	8.5	0.0385882352941	2016-01-19 17:36:00
REP	8.023	0.158668827122	2016-01-20 17:36:00
REP	8.36	0.135406698565	2016-01-21 17:36:00
SCYR	1.82	0.0879120879121	2015-12-14 17:36:00
SCYR	1.854	0.0765911542611	2015-12-15 17:36:00
SCYR	1.886	0.0196182396607	2015-12-16 17:36:00
SCYR	1.895	-0.00263852242744	2015-12-18 17:36:00
SCYR	1.87	-0.0101604278075	2015-12-21 17:36:00
SCYR	1.851	-0.123176661264	2015-12-30 17:36:00
SCYR	1.814	-0.134509371555	2015-12-31 17:36:00
SCYR	1.772	-0.124153498871	2016-01-04 17:36:00
SCYR	1.799	-0.12284602557	2016-01-05 17:36:00
SCYR	1.733	-0.063473744951	2016-01-06 17:36:00
SCYR	1.633	-0.0691977954685	2016-01-07 17:36:00
SCYR	1.623	-0.121380160197	2016-01-08 17:36:00
SCYR	1.57	-0.105095541401	2016-01-11 17:36:00
SCYR	1.552	-0.115979381443	2016-01-12 17:36:00
SCYR	1.578	-0.0817490494297	2016-01-13 17:36:00
SCYR	1.623	-0.0517560073937	2016-01-14 17:36:00
SCYR	1.52	0.00131578947368	2016-01-15 17:36:00
SCYR	1.426	0.0806451612903	2016-01-18 17:36:00
SCYR	1.405	0.0889679715302	2016-01-19 17:36:00
SCYR	1.372	0.121720116618	2016-01-20 17:36:00
SCYR	1.449	0.0648723257419	2016-01-21 17:36:00
SCYR	1.539	-0.00584795321637	2016-01-22 17:36:00
SCYR	1.522	-0.0742444152431	2016-01-25 17:36:00
SCYR	1.409	-0.0489709013485	2016-02-02 17:36:00
SCYR	1.319	-0.0189537528431	2016-02-03 17:36:00
SCYR	1.344	0.106398809524	2016-02-09 17:36:00
SCYR	1.34	0.0828358208955	2016-02-10 17:36:00
SCYR	1.294	0.0958268933539	2016-02-11 17:36:00
SCYR	1.451	0.0771881461061	2016-06-13 17:36:00
SCYR	1.397	0.0952040085898	2016-06-14 17:36:00
SCYR	1.433	0.106071179344	2016-06-15 17:36:00
SCYR	1.372	0.0204081632653	2016-06-16 17:36:00
SCYR	1.4	0.0428571428571	2016-06-24 17:36:00
SCYR	1.35	0.0518518518519	2016-06-27 17:36:00
SCYR	1.367	0.0160936356986	2016-06-28 17:36:00
SCYR	1.422	0.00632911392405	2016-06-29 17:36:00
SCYR	1.42	0.103521126761	2016-07-05 17:36:00
SCYR	1.389	0.161267098632	2016-07-06 17:36:00
GSJ	0.82	0.0853658536585	2015-12-14 17:36:00
GSJ	0.82	0.146341463415	2015-12-15 17:36:00
GSJ	0.8	0.15	2015-12-16 17:36:00
GSJ	0.8	0.2	2015-12-18 17:36:00
GSJ	0.77	0.207792207792	2015-12-21 17:36:00
GSJ	0.8	0.15	2015-12-22 17:36:00
GSJ	3.13	0.00958466453674	2017-04-04 17:36:00
GSJ	3.2	0.034375	2017-04-07 17:36:00
GSJ	3.16	0.0	2017-04-12 17:36:00
GSJ	3.15	0.0222222222222	2017-04-13 17:36:00
GSJ	3.1	0.0451612903226	2017-04-18 17:36:00
GSJ	3.26	0.0	2017-04-20 17:36:00
GSJ	3.1	0.0645161290323	2017-04-21 17:36:00
GSJ	3.16	0.0253164556962	2017-04-24 17:36:00
SGRE	14.505	-0.0417097552568	2017-07-27 17:36:00
SGRE	14.58	-0.0672153635117	2017-07-28 17:36:00
SGRE	13.85	-0.0086642599278	2017-07-31 17:36:00
SGRE	12.94	0.0370942812983	2017-08-01 17:36:00
SGRE	13.14	-0.0076103500761	2017-08-02 17:36:00
SGRE	13.27	-0.0105501130369	2017-08-03 17:36:00
SGRE	13.9	-0.0665467625899	2017-08-04 17:36:00
SGRE	13.6	-0.0632352941176	2017-08-07 17:36:00
SGRE	13.73	-0.0662782228696	2017-08-08 17:36:00
SGRE	13.42	-0.0551415797317	2017-08-09 17:36:00
SGRE	13.04	-0.0329754601227	2017-08-10 17:36:00
SGRE	13.13	-0.040365575019	2017-08-11 17:36:00
SGRE	12.975	-0.0258188824663	2017-08-14 17:36:00
SGRE	12.74	-0.00706436420722	2017-08-15 17:36:00
SGRE	12.82	-0.0405616224649	2017-08-16 17:36:00
SGRE	12.68	-0.0228706624606	2017-08-17 17:36:00
SGRE	12.61	-0.0138778747026	2017-08-18 17:36:00
SGRE	12.6	-0.022619047619	2017-08-21 17:36:00
SGRE	12.64	-0.0166139240506	2017-08-22 17:36:00
SGRE	12.3	0.00650406504065	2017-08-24 17:36:00
SNC	0.415	-0.46265060241	2016-05-04 17:36:00
SNC	0.242	-0.095041322314	2016-05-05 17:36:00
SNC	0.21	-0.0380952380952	2016-05-06 17:36:00
SNC	0.179	0.0502793296089	2016-05-09 17:36:00
SNC	0.24	0.116666666667	2016-05-10 17:36:00
SNC	0.214	0.401869158879	2016-05-11 17:36:00
SNC	0.223	0.345291479821	2016-05-12 17:36:00
SNC	0.219	0.37899543379	2016-05-13 17:36:00
SNC	0.202	0.376237623762	2016-05-16 17:36:00
SNC	0.188	0.781914893617	2016-05-17 17:36:00
SNC	0.168	-0.130952380952	2016-06-07 17:36:00
SNC	0.168	-0.178571428571	2016-06-08 17:36:00
SNC	0.169	-0.189349112426	2016-06-09 17:36:00
SNC	0.154	0.0194805194805	2016-06-10 17:36:00
SNC	0.152	-0.0328947368421	2016-06-13 17:36:00
SNC	0.15	-0.02	2016-06-14 17:36:00
SNC	0.146	-0.027397260274	2016-06-15 17:36:00
SNC	0.138	-0.115942028986	2016-06-16 17:36:00
SNC	0.137	-0.0875912408759	2016-06-17 17:36:00
SNC	0.157	-0.165605095541	2016-06-20 17:36:00
SNC	0.147	-0.115646258503	2016-06-21 17:36:00
SNC	0.147	-0.0816326530612	2016-06-22 17:36:00
SNC	0.142	0.105633802817	2016-06-23 17:36:00
SNC	0.122	0.245901639344	2016-06-24 17:36:00
SNC	0.125	0.16	2016-06-27 17:36:00
SNC	0.131	0.267175572519	2016-06-28 17:36:00
SNC	0.13	0.153846153846	2016-06-29 17:36:00
SNC	0.264	0.0568181818182	2016-11-02 17:36:00
SNC	0.267	0.0823970037453	2016-11-07 17:36:00
SNC	0.258	0.124031007752	2016-11-08 17:36:00
SNC	0.256	0.0703125	2016-11-09 17:36:00
SNC	0.228	-0.149122807018	2017-03-24 17:36:00
SNC	0.223	-0.237668161435	2017-03-27 17:36:00
SNC	0.222	-0.0945945945946	2017-03-28 17:36:00
SNC	0.212	-0.141509433962	2017-03-29 17:36:00
SNC	0.211	-0.0805687203791	2017-03-30 17:36:00
SNC	0.199	-0.0552763819095	2017-03-31 17:36:00
SNC	0.194	-0.0670103092784	2017-04-03 17:36:00
SNC	0.17	0.0411764705882	2017-04-04 17:36:00
SNC	0.201	-0.109452736318	2017-04-05 17:36:00
SNC	0.182	0.153846153846	2017-04-06 17:36:00
SNC	0.194	-0.020618556701	2017-04-07 17:36:00
SNC	0.188	-0.00531914893617	2017-04-10 17:36:00
SNC	0.181	0.0110497237569	2017-04-11 17:36:00
SNC	0.177	0.0282485875706	2017-04-12 17:36:00
SNC	0.179	-0.00558659217877	2017-04-13 17:36:00
SLR	0.59	-0.0677966101695	2016-01-18 17:36:00
SLR	0.59	-0.0677966101695	2016-01-19 17:36:00
SLR	0.585	-0.0598290598291	2016-01-20 17:36:00
SLR	0.57	-0.00877192982456	2016-01-21 17:36:00
SLR	0.585	-0.042735042735	2016-01-22 17:36:00
SLR	0.565	-0.0176991150442	2016-01-25 17:36:00
SLR	0.55	-0.0181818181818	2016-01-26 17:36:00
SLR	0.55	0.0	2016-01-27 17:36:00
SLR	0.55	0.0272727272727	2016-01-28 17:36:00
SLR	0.565	-0.0530973451327	2016-01-29 17:36:00
SLR	0.56	-0.0267857142857	2016-02-01 17:36:00
SLR	0.555	0.027027027027	2016-02-02 17:36:00
SLR	0.54	0.0	2016-02-03 17:36:00
SLR	0.55	0.00909090909091	2016-02-04 17:36:00
SLR	0.535	0.00934579439252	2016-02-08 17:36:00
SLR	0.545	0.0366972477064	2016-02-09 17:36:00
SLR	0.54	0.0277777777778	2016-02-11 17:36:00
TLGO	4.808	-0.00270382695507	2016-01-19 17:36:00
TLGO	4.561	0.0962508221881	2016-01-20 17:36:00
TLGO	4.3	0.188372093023	2016-01-21 17:36:00
TLGO	4.503	0.15212080835	2016-01-22 17:36:00
TLGO	4.499	0.0871304734385	2016-01-25 17:36:00
TRE	22.275	0.0390572390572	2016-02-16 17:36:00
TRE	21.75	0.10091954023	2016-02-17 17:36:00
TRE	22.785	0.0858020627606	2016-02-18 17:36:00
TRE	23.54	0.0637213254036	2016-02-19 17:36:00
TRE	23.795	0.0247951250263	2016-02-22 17:36:00
TRE	23.555	0.0662279770749	2016-02-23 17:36:00
TRE	23.145	0.134586303737	2016-02-24 17:36:00
TRE	23.945	0.10169137607	2016-02-25 17:36:00
TPZ	4.4	-0.0431818181818	2016-09-15 17:36:00
TPZ	4.3	-0.033023255814	2016-09-16 17:36:00
TPZ	4.204	-0.0268791627022	2016-09-19 17:36:00
TPZ	4.168	-0.0355086372361	2016-09-20 17:36:00
TPZ	4.23	-0.0567375886525	2016-09-21 17:36:00
TPZ	4.238	-0.0467201510146	2016-09-22 17:36:00
TPZ	4.21	-0.0427553444181	2016-09-23 17:36:00
TPZ	4.158	-0.004329004329	2016-09-26 17:36:00
TPZ	4.091	0.00464434123686	2016-09-27 17:36:00
TPZ	4.02	0.0179104477612	2016-09-28 17:36:00
TPZ	3.99	0.0275689223058	2016-09-29 17:36:00
TPZ	4.04	-0.00569306930693	2016-09-30 17:36:00
TPZ	4.03	0.0124069478908	2016-10-03 17:36:00
TUB	1.605	0.0903426791277	2015-12-09 17:36:00
TUB	1.62	0.0493827160494	2015-12-10 17:36:00
TUB	1.57	0.0955414012739	2015-12-11 17:36:00
TUB	1.53	0.16339869281	2015-12-14 17:36:00
TUB	1.565	0.134185303514	2015-12-15 17:36:00
TUB	1.41	0.113475177305	2016-01-20 17:36:00
TRG	0.77	-0.162337662338	2015-11-30 17:36:00
TRG	0.765	-0.16339869281	2015-12-01 17:36:00
TRG	0.75	-0.146666666667	2015-12-02 17:36:00
TRG	0.765	-0.18954248366	2015-12-03 17:36:00
TRG	0.73	-0.184931506849	2015-12-04 17:36:00
TRG	0.7	-0.142857142857	2015-12-07 17:36:00
TRG	0.645	-0.062015503876	2015-12-08 17:36:00
TRG	0.64	-0.0234375	2015-12-09 17:36:00
TRG	0.64	-0.0546875	2015-12-10 17:36:00
TRG	0.62	-0.0161290322581	2015-12-11 17:36:00
TRG	0.595	0.0924369747899	2015-12-14 17:36:00
TRG	0.6	0.116666666667	2015-12-15 17:36:00
TRG	0.605	0.0495867768595	2015-12-16 17:36:00
TRG	0.625	-0.016	2015-12-18 17:36:00
TRG	0.605	-0.0330578512397	2015-12-21 17:36:00
TRG	0.61	-0.0409836065574	2015-12-22 17:36:00
TRG	0.615	-0.0243902439024	2015-12-29 17:36:00
TRG	0.585	0.025641025641	2015-12-30 17:36:00
TRG	0.585	0.042735042735	2015-12-31 17:36:00
TRG	0.535	0.0747663551402	2016-06-16 17:36:00
VOC	1.39	-0.0287769784173	2015-12-10 17:36:00
VOC	1.38	-0.0507246376812	2015-12-11 17:36:00
VOC	1.38	-0.0942028985507	2015-12-14 17:36:00
VOC	1.36	-0.0110294117647	2015-12-15 17:36:00
VOC	1.31	0.129770992366	2015-12-22 17:36:00
VOC	1.25	0.152	2015-12-23 17:36:00
VOC	1.135	0.0925110132159	2016-01-21 17:36:00
