Ind,Ops,Dinero,Rent,Benef
ABG,51,3000,-2.35284379448,-7058.53138345,-68.5294309073
ABE,56,3000,-0.0174915983802,-52.4747951405,-0.468524956612
ANA,52,3000,0.13365666329,400.96998987,3.85548067183
ACX,57,3000,0.113506415892,340.519247676,2.98701094452
ACS,54,3000,0.0283489263639,85.0467790916,0.787470176774
ADZ,57,3000,-0.472560369513,-1417.68110854,-12.4357991977
ADV,50,3000,-0.789941822649,-2369.82546795,-23.6982546795
AENA,29,3000,0.24498731141,734.96193423,12.4569819361
AIR,54,3000,0.376337981963,1129.01394589,10.3579261091
ALNT,58,3000,0.496758818118,1490.27645436,12.8472108134
ALM,48,3000,0.256133724879,768.401174636,8.00417890246
AMS,51,3000,0.209230375913,627.691127738,6.09408861882
AMP,64,3000,-0.172616014399,-517.848043197,-4.01432591626
APAM,58,3000,0.664404736751,1993.21421025,17.1828811229
APPS,37,3000,-0.393033985561,-1179.10195668,-15.7213594224
A3M,50,3000,0.128341558578,385.024675735,3.81212550233
CAF,57,3000,0.271806800943,815.420402828,7.09061219851
AXIA,35,3000,0.414777039156,1244.33111747,17.5257903869
AZK,44,3000,-0.396064615383,-1188.19384615,-13.5022027971
SAB,53,3000,0.246473931263,739.421793788,6.91048405409
SAN,56,3000,-0.253938339463,-761.815018389,-6.74172582645
BKIA,50,3000,77.2005680233,231601.70407,2293.08617891
BKT,58,3000,0.189468485219,568.405455658,4.85816628768
BDL,62,3000,0.0914449778864,274.334933659,2.19467946927
CBAV,60,3000,-0.199434565572,-598.303696717,-4.94465865055
BBVA,52,3000,0.0900047937934,270.01438138,2.57156553695
BIO,56,3000,0.360398791806,1081.19637542,9.65353906623
RIO,67,3000,0.351817221655,1055.45166496,7.81816048121
BAIN,7,3000,0.349188076927,1047.56423078,69.8376153854
CABK,51,3000,-0.0538846694424,-161.654008327,-1.56945639153
CASH,4,3000,0.00686166459972,20.5849937992,2.57312422489
CLNX,25,3000,-0.0166678099716,-50.0034299147,-0.980459410093
CIE,61,3000,0.553629008025,1660.88702407,13.5031465372
CDR,56,3000,-1.2970609065,-3891.1827195,-34.4352453053
MDF,59,3000,-0.372285790829,-1116.85737249,-9.38535607133
OLE,54,3000,-0.560105906564,-1680.31771969,-15.4157588962
DIA,55,3000,0.187747146917,563.241440752,5.07424721398
EBRO,54,3000,0.273080609015,819.241827044,7.51598006462
EDR,33,3000,0.0403849107651,121.154732295,1.8082795865
ENO,57,3000,-0.210962165014,-632.886495042,-5.55163592142
ENG,55,3000,0.147879094209,443.637282626,3.99673227591
ENC,47,3000,-0.0556167385141,-166.850215542,-1.775002293
ELE,51,3000,0.539334903006,1618.00470902,15.7087835827
ECR,59,3000,0.0925695909372,277.708772812,2.33368716648
EKT,21,3000,-0.245483696755,-736.451090264,-17.126769541
EZE,55,3000,1.97457006874,5923.71020621,53.8519109655
FAE,54,3000,0.279763584503,839.290753508,7.77121068063
FCC,57,3000,0.0942103651181,282.631095354,2.45766169873
FER,53,3000,0.409586259313,1228.75877794,11.5920639428
FDR,58,3000,0.225963376882,677.890130645,5.8438804366
GAS,55,3000,0.21687008556,650.610256681,5.9146386971
GEST,2,3000,0.00449941724942,13.4982517483,2.69965034965
GCO,52,3000,0.0911283061296,273.384918389,2.60366588942
GRF,50,3000,0.287540356987,862.62107096,8.54080268277
GRF.P,49,3000,0.359663820508,1078.99146152,10.8989036518
HIS,39,3000,0.05752241304,172.56723912,2.1843954319
IAG,50,3000,0.515484763318,1546.45428995,15.3114286134
IBE,54,3000,0.186507497938,559.522493814,5.18076383161
IBG,60,3000,0.160327799924,480.983399771,4.00819499809
ITX,57,3000,0.633527001178,1900.58100353,16.5267913351
IDR,57,3000,-0.267074863243,-801.22458973,-7.02828587483
COL,55,3000,1.00970787001,3029.12361002,27.2894018921
ISUR,54,3000,-0.513501540223,-1540.50462067,-14.1330699144
INY,53,3000,-0.0241365687939,-72.4097063816,-0.676726227865
LBK,47,3000,-0.192494585828,-577.483757483,-6.14344422855
LGT,60,3000,-0.0260235536234,-78.0706608701,-0.650588840584
LOG,29,3000,0.0445600743681,133.680223104,2.2657664933
MAP,49,3000,0.0625433352721,187.630005816,1.895252584
MAS,31,3000,2.9007058637,8702.11759111,138.128850653
TL5,55,3000,0.30867369011,926.02107033,8.34253216513
MEL,53,3000,0.373190803722,1119.57241117,10.4632935623
MRL,35,3000,-0.0766223024713,-229.866907414,-3.28381296305
MCM,46,3000,-0.305427573926,-916.282721777,-9.95959480192
MTB,58,3000,0.600512138088,1801.53641426,15.3977471305
NAT,55,3000,-0.807779795977,-2423.33938793,-21.8318863778
NTH,29,3000,0.0875670014704,262.701004411,4.52932766226
HOME,4,3000,0.0693114015814,207.934204744,25.991775593
NHH,51,3000,0.379839453812,1139.51836143,11.0632850625
NEA,60,3000,0.203941703373,611.82511012,5.09854258434
OHL,56,3000,-0.549704417715,-1649.11325314,-14.7242254745
ORY,21,3000,0.217120696616,651.362089848,15.5086211869
PQR,13,3000,0.0311003712861,93.3011138583,3.45559680957
PHM,16,3000,-0.00667626971174,-20.0288091352,-0.606933610158
PSG,50,3000,0.0357680508659,107.304152598,1.07304152598
QBT,54,3000,-0.913549715403,-2740.64914621,-25.3763809834
RLIA,51,3000,-0.461954307842,-1385.86292353,-13.4549798401
RJF,55,3000,-0.570727614261,-1712.18284278,-15.4250706557
R4,57,3000,-0.18130290328,-543.908709839,-4.72964095512
REN,35,3000,1.60751202257,4822.53606772,68.893372396
REP,50,3000,-0.21356755376,-640.70266128,-6.34359070574
REY,3,3000,-0.42044379731,-1261.33139193,-180.190198847
ROVI,50,3000,0.152362707346,457.088122038,4.57088122038
SCYR,58,3000,-0.076349962498,-229.049887494,-1.97456799564
SAY,26,3000,-0.359442062682,-1078.32618805,-20.7370420778
GSJ,52,3000,0.717126779553,2151.38033866,20.4893365587
SGRE,46,3000,0.848557900384,2545.67370115,27.3728354963
SNC,25,3000,-0.813993803899,-2441.9814117,-48.839628234
SLR,56,3000,-0.06131023085,-183.93069255,-1.64223832634
STG,44,3000,0.831452983926,2494.35895178,28.3449880884
TLGO,26,3000,-0.100742465443,-302.227396328,-5.812065314
TRE,55,3000,-0.0992319152083,-297.695745625,-2.68194365428
TEF,42,3000,-0.495163331238,-1485.48999371,-17.4763528672
TPZ,16,3000,-0.268773105311,-806.319315932,-24.4339186646
TUB,54,3000,0.0211626216996,63.4878650987,0.58245747797
TRG,61,3000,-0.402794396912,-1208.38319074,-9.82425358322
UNI,1,3000,0.0314013605442,94.2040816327,47.1020408163
VID,55,3000,0.685769978829,2057.30993649,18.5343237521
VIS,60,3000,0.388675921164,1166.02776349,9.6365930867
VOC,52,3000,0.398256809789,1194.77042937,11.378765994
ZOT,49,3000,-0.322068103069,-966.204309208,-9.75963948695
