('FINAL', 'ABG', 32, 43, '74')
('FINAL', 'ADZ', 4, 4, '100')
('FINAL', 'ADV', 0, 7, '0')
('FINAL', 'ALM', 2, 12, '16')
('FINAL', 'AMP', 2, 2, '100')
('FINAL', 'APAM', 2, 2, '100')
('FINAL', 'A3M', 4, 4, '100')
('FINAL', 'CAF', 0, 1, '0')
('FINAL', 'CBAV', 3, 4, '75')
('FINAL', 'BIO', 11, 15, '73')
('FINAL', 'BAIN', 3, 3, '100')
('FINAL', 'CDR', 22, 45, '48')
('FINAL', 'MDF', 9, 10, '90')
('FINAL', 'OLE', 1, 2, '50')
('FINAL', 'IBG', 2, 2, '100')
('FINAL', 'INY', 19, 40, '47')
('FINAL', 'LBK', 9, 11, '81')
('FINAL', 'LGT', 2, 2, '100')
('FINAL', 'TL5', 2, 2, '100')
('FINAL', 'NAT', 15, 24, '62')
('FINAL', 'OHL', 11, 11, '100')
('FINAL', 'ORY', 7, 14, '50')
('FINAL', 'QBT', 6, 14, '42')
('FINAL', 'RJF', 1, 4, '25')
('FINAL', 'GSJ', 2, 2, '100')
('FINAL', 'SGRE', 1, 5, '20')
('FINAL', 'SNC', 4, 8, '50')
('FINAL', 'TRE', 0, 3, '0')
