('FINAL', 'CDR', 20, 39, '51')
('FINAL', 'A3M', 4, 4, '100')
('FINAL', 'ALM', 2, 12, '16')
('FINAL', 'LGT', 2, 2, '100')
('FINAL', 'DGI', 2, 2, '100')
('FINAL', 'LGT', 2, 2, '100')
('FINAL', 'ABG', 34, 43, '79')
('FINAL', 'ADZ', 4, 4, '100')
('FINAL', 'ADV', 0, 8, '0')
('FINAL', 'ALM', 2, 11, '18')
('FINAL', 'AMP', 4, 4, '100')
('FINAL', 'APAM', 2, 2, '100')
('FINAL', 'A3M', 4, 4, '100')
('FINAL', 'CBAV', 3, 4, '75')
('FINAL', 'BIO', 10, 14, '71')
('FINAL', 'BAIN', 3, 3, '100')
('FINAL', 'CDR', 20, 40, '50')
('FINAL', 'MDF', 9, 9, '100')
('FINAL', 'OLE', 4, 6, '66')
('FINAL', 'IBG', 2, 2, '100')
('FINAL', 'INY', 19, 40, '47')
('FINAL', 'LBK', 10, 13, '76')
