GANAS|A3M|2017-07-11T19:36:00.000000000+0200|9.38|0
GANAS|A3M|2017-07-10T19:36:00.000000000+0200|9.0|0
GANAS|A3M|2017-07-07T19:36:00.000000000+0200|9.37|0
GANAS|A3M|2017-07-06T19:36:00.000000000+0200|9.37|0
PIERD|ABG|2017-08-08T19:36:00.000000000+0200|0.041|0.04
GANAS|ABG|2017-08-04T19:36:00.000000000+0200|0.039|0
GANAS|ABG|2017-08-03T19:36:00.000000000+0200|0.039|0
GANAS|ABG|2017-08-02T19:36:00.000000000+0200|0.037|0
GANAS|ABG|2017-08-01T19:36:00.000000000+0200|0.038|0
GANAS|ABG|2017-07-31T19:36:00.000000000+0200|0.035|0
GANAS|ABG|2017-07-28T19:36:00.000000000+0200|0.036|0
GANAS|ABG|2017-07-21T19:36:00.000000000+0200|0.034|0
GANAS|ABG|2017-07-19T19:36:00.000000000+0200|0.034|0
PIERD|ABG|2017-07-18T19:36:00.000000000+0200|0.035|0.036
PIERD|ABG|2017-07-17T19:36:00.000000000+0200|0.035|0.036
GANAS|ABG|2017-07-14T19:36:00.000000000+0200|0.034|0
GANAS|ABG|2017-07-07T19:36:00.000000000+0200|0.035|0
GANAS|ABG|2017-07-06T19:36:00.000000000+0200|0.033|0
GANAS|ABG|2017-07-05T19:36:00.000000000+0200|0.034|0
GANAS|ABG|2017-07-04T19:36:00.000000000+0200|0.034|0
GANAS|ABG|2017-07-03T19:36:00.000000000+0200|0.035|0
GANAS|ABG|2017-06-30T19:36:00.000000000+0200|0.035|0
PIERD|ABG|2017-06-29T19:36:00.000000000+0200|0.037|0.038
GANAS|ABG|2017-06-28T19:36:00.000000000+0200|0.035|0
GANAS|ABG|2017-06-26T19:36:00.000000000+0200|0.029|0
GANAS|ABG|2017-06-23T19:36:00.000000000+0200|0.03|0
GANAS|ABG|2017-06-22T19:36:00.000000000+0200|0.03|0
GANAS|ABG|2017-06-21T19:36:00.000000000+0200|0.031|0
GANAS|ABG|2017-06-20T19:36:00.000000000+0200|0.03|0
GANAS|ABG|2017-06-19T19:36:00.000000000+0200|0.03|0
GANAS|ABG|2017-06-16T19:36:00.000000000+0200|0.032|0
PIERD|ABG|2017-06-13T19:36:00.000000000+0200|0.034|0.031
GANAS|ABG|2017-06-12T19:36:00.000000000+0200|0.031|0
GANAS|ABG|2017-06-09T19:36:00.000000000+0200|0.03|0
GANAS|ABG|2017-06-08T19:36:00.000000000+0200|0.032|0
PIERD|ABG|2017-06-07T19:36:00.000000000+0200|0.035|0.033
GANAS|ABG|2017-05-17T19:36:00.000000000+0200|0.038|0
GANAS|ABG|2017-05-09T19:36:00.000000000+0200|0.032|0
GANAS|ABG|2017-05-05T19:36:00.000000000+0200|0.031|0
GANAS|ABG|2017-05-03T19:36:00.000000000+0200|0.029|0
GANAS|ABG|2017-04-25T19:36:00.000000000+0200|0.03|0
PIERD|ABG|2017-04-24T19:36:00.000000000+0200|0.031|0.032
PIERD|ABG|2017-04-21T19:36:00.000000000+0200|0.033|0.032
GANAS|ADZ|2017-06-28T19:36:00.000000000+0200|4.23|0
GANAS|ADZ|2017-06-27T19:36:00.000000000+0200|4.23|0
GANAS|ADZ|2017-06-09T19:36:00.000000000+0200|3.94|0
GANAS|ADZ|2017-06-08T19:36:00.000000000+0200|3.96|0
GANAS|AMP|2017-08-02T19:36:00.000000000+0200|0.23|0
GANAS|AMP|2017-06-09T19:36:00.000000000+0200|0.202|0
GANAS|AMP|2017-06-08T19:36:00.000000000+0200|0.201|0
GANAS|APAM|2017-06-19T19:36:00.000000000+0200|39.24|0
GANAS|APAM|2017-06-16T19:36:00.000000000+0200|38.985|0
GANAS|CBAV|2017-08-10T19:36:00.000000000+0200|8.59|0
PIERD|CBAV|2017-08-04T19:36:00.000000000+0200|9.05|9.23
GANAS|CBAV|2017-08-03T19:36:00.000000000+0200|8.87|0
GANAS|CBAV|2017-08-02T19:36:00.000000000+0200|9.0|0
GANAS|BIO|2017-07-24T19:36:00.000000000+0200|0.52|0
GANAS|BIO|2017-07-21T19:36:00.000000000+0200|0.525|0
GANAS|BIO|2017-06-26T19:36:00.000000000+0200|0.52|0
GANAS|BIO|2017-06-23T19:36:00.000000000+0200|0.515|0
GANAS|BIO|2017-06-22T19:36:00.000000000+0200|0.52|0
PIERD|BIO|2017-06-21T19:36:00.000000000+0200|0.52|0.515
PIERD|BIO|2017-06-20T19:36:00.000000000+0200|0.54|0.515
PIERD|BIO|2017-06-19T19:36:00.000000000+0200|0.54|0.52
GANAS|BIO|2017-06-12T19:36:00.000000000+0200|0.525|0
GANAS|BIO|2017-06-09T19:36:00.000000000+0200|0.495|0
GANAS|BIO|2017-06-08T19:36:00.000000000+0200|0.5|0
GANAS|BIO|2017-06-07T19:36:00.000000000+0200|0.525|0
PIERD|BIO|2017-06-06T19:36:00.000000000+0200|0.575|0.545
GANAS|BIO|2017-05-15T19:36:00.000000000+0200|0.585|0
GANAS|BIO|2017-05-11T19:36:00.000000000+0200|0.59|0
GANAS|BIO|2017-05-08T19:36:00.000000000+0200|0.58|0
GANAS|BAIN|2017-04-21T19:36:00.000000000+0200|16.65|0
GANAS|BAIN|2017-04-18T19:36:00.000000000+0200|16.65|0
GANAS|BAIN|2017-04-13T19:36:00.000000000+0200|15.85|0
GANAS|MDF|2017-06-23T19:36:00.000000000+0200|0.58|0
GANAS|MDF|2017-06-16T19:36:00.000000000+0200|0.65|0
GANAS|MDF|2017-06-09T19:36:00.000000000+0200|0.56|0
GANAS|MDF|2017-06-08T19:36:00.000000000+0200|0.51|0
GANAS|MDF|2017-06-07T19:36:00.000000000+0200|0.62|0
GANAS|MDF|2017-05-24T19:36:00.000000000+0200|0.85|0
GANAS|MDF|2017-05-23T19:36:00.000000000+0200|0.87|0
GANAS|MDF|2017-05-22T19:36:00.000000000+0200|0.84|0
GANAS|MDF|2017-05-19T19:36:00.000000000+0200|0.86|0
GANAS|IBG|2017-07-12T19:36:00.000000000+0200|24.85|0
GANAS|IBG|2017-07-11T19:36:00.000000000+0200|25.2|0
GANAS|LBK|2017-07-06T19:36:00.000000000+0200|0.95|0
GANAS|LBK|2017-07-05T19:36:00.000000000+0200|0.947|0
GANAS|LBK|2017-07-03T19:36:00.000000000+0200|0.905|0
GANAS|LBK|2017-06-30T19:36:00.000000000+0200|0.899|0
GANAS|LBK|2017-06-28T19:36:00.000000000+0200|0.855|0
GANAS|LBK|2017-06-27T19:36:00.000000000+0200|0.815|0
GANAS|LBK|2017-06-15T19:36:00.000000000+0200|0.831|0
GANAS|LBK|2017-06-14T19:36:00.000000000+0200|0.841|0
GANAS|LBK|2017-06-13T19:36:00.000000000+0200|0.827|0
PIERD|LBK|2017-06-12T19:36:00.000000000+0200|0.96|0.87
GANAS|LBK|2017-06-09T19:36:00.000000000+0200|0.68|0
GANAS|LBK|2017-06-08T19:36:00.000000000+0200|0.825|0
GANAS|TL5|2017-07-10T19:36:00.000000000+0200|10.18|0
GANAS|TL5|2017-07-07T19:36:00.000000000+0200|10.105|0
GANAS|OHL|2017-07-10T19:36:00.000000000+0200|3.114|0
GANAS|OHL|2017-07-07T19:36:00.000000000+0200|3.149|0
GANAS|OHL|2017-07-06T19:36:00.000000000+0200|3.12|0
GANAS|OHL|2017-07-05T19:36:00.000000000+0200|3.16|0
GANAS|OHL|2017-07-03T19:36:00.000000000+0200|3.174|0
GANAS|OHL|2017-06-30T19:36:00.000000000+0200|3.139|0
GANAS|OHL|2017-06-20T19:36:00.000000000+0200|3.22|0
GANAS|OHL|2017-06-13T19:36:00.000000000+0200|2.806|0
GANAS|OHL|2017-06-09T19:36:00.000000000+0200|2.76|0
GANAS|OHL|2017-06-08T19:36:00.000000000+0200|2.674|0
GANAS|OHL|2017-06-07T19:36:00.000000000+0200|3.041|0
GANAS|OHL|2017-06-06T19:36:00.000000000+0200|3.053|0
GANAS|GSJ|2017-06-08T19:36:00.000000000+0200|2.99|0
GANAS|GSJ|2017-06-07T19:36:00.000000000+0200|3.15|0
