Ind,Rent,Dias,Benef,RSI,BajaLow,FechaCompra
ANA	-0.0223828580131	6	-67.1485740393	38.7727663447	0.0248005090678	2017-06-28
ANA	-0.0148447367386	6	-44.5342102159	54.7202632076	-0.0152361604876	2017-07-20
ACX	0.041915750484	3	125.747251452	59.0661616167	0.00255336443314	2016-08-12
ACS	-0.0472351899658	6	-141.705569897	60.1678840427	0.00245280271035	2016-09-09
ACS	0.0152489668171	6	45.7469004514	61.9024161248	0.00812347684809	2017-03-21
ACS	0.00140894677783	6	4.22684033349	72.2747868165	0.00647297907572	2017-04-11
ACS	-0.000280477170064	6	-0.841431510192	71.409260226	-0.012946365059	2017-05-10
ACS	-0.0148355818492	6	-44.5067455475	54.4061302266	0.010029251985	2017-06-20
ACS	-0.0271995462844	6	-81.5986388531	51.2128164295	-0.0137871607066	2017-07-20
ADZ	0.0391618979718	3	117.485693915	59.6569615987	0.00769230769231	2015-10-15
ADZ	-0.00478392339202	6	-14.3517701761	48.7169956784	0.0286458333333	2015-11-02
ADZ	0.0430191112178	2	129.057333653	44.1048071286	-0.00533333333333	2015-11-11
ADZ	-0.0218457489739	6	-65.5372469216	42.0961351596	-0.047619047619	2015-12-18
ADZ	0.0385893339997	1	115.768001999	70.989050906	-0.011655011655	2016-03-23
ADZ	0.048928015494	1	146.784046482	59.4877686657	0.029197080292	2016-03-30
ADZ	0.036514290218	1	109.542870654	44.4734340073	0.0368421052632	2016-05-27
ADZ	0.0481110985079	1	144.333295524	56.8199792964	0.0352941176471	2016-11-25
ADZ	0.0921857481263	2	276.557244379	72.7414781921	-0.109375	2017-01-16
ADZ	0.0481355836743	1	144.406751023	75.9896740867	0.0363951473137	2017-02-13
ADZ	0.0388690612558	1	116.607183768	62.4654194402	-0.00524475524476	2017-03-23
ADZ	0.0375550117366	1	112.66503521	51.7861810039	0.0273722627737	2017-03-30
ADZ	0.0383741373437	1	115.122412031	48.5842428941	0.0148148148148	2017-04-03
ADZ	0.0572221467876	2	171.666440363	57.2701590907	0.0	2017-07-28
ADZ	-0.0412099266467	6	-123.62977994	55.0258607649	0.0299401197605	2017-08-03
ADV	-0.115540872049	6	-346.622616148	60.0617493076	-0.0687977591587	2016-06-03
ADV	0.0462318510659	4	138.695553198	53.73887797	-0.0360110803324	2016-08-19
ADV	0.0407074023216	1	122.122206965	51.828645913	0.0602739726027	2016-09-06
ADV	0.0380152614733	1	114.04578442	77.3988142796	-0.0258823529412	2017-02-13
ADV	0.040280088983	1	120.840266949	51.9083558799	0.020253164557	2017-02-23
ADV	0.0435883312932	2	130.76499388	56.3266398014	0.00490196078431	2017-03-21
ADV	-0.0212391639179	6	-63.7174917537	52.8986083258	0.055421686747	2017-04-03
ADV	0.0418938097924	1	125.681429377	44.3804393612	0.0253164556962	2017-04-20
AENA	-0.0263428200296	6	-79.0284600889	63.2634040749	-0.00917856596571	2015-12-18
AENA	-0.0108437353754	6	-32.5312061261	84.9837098068	0.00137136588042	2017-06-06
AENA	-0.0288648459141	6	-86.5945377423	61.0367927165	0.00915649278579	2017-06-20
AENA	0.00748825805069	6	22.4647741521	42.4226883067	0.00210716435882	2017-07-27
AIR	-0.0257099930344	6	-77.1299791033	51.297070255	0.0162160871665	2016-06-02
AIR	-0.0211723283873	6	-63.5169851618	66.2651893818	0.00265604249668	2017-05-10
AIR	0.0142033208941	6	42.6099626822	56.4587489811	0.0113864701942	2017-06-06
AIR	-0.0104080540222	6	-31.2241620665	59.2609086751	-0.0216393442623	2017-06-20
AIR	-0.0148001695179	6	-44.4005085536	46.9412337947	0.0176271186441	2017-07-17
ALNT	0.0407486393883	6	122.245918165	57.3065980369	0.0125786163522	2016-10-21
ALNT	0.0252737080075	6	75.8211240224	54.4029129869	0.0	2016-11-04
ALNT	-0.000959639995018	6	-2.87891998506	54.2834398306	0.00367197062423	2016-11-23
ALNT	0.0421176344615	5	126.352903384	53.9104548039	-0.00296150049358	2017-03-07
ALNT	0.035926913215	3	107.780739645	52.7843841844	-0.00479846449136	2017-04-21
ALNT	0.0545002283264	2	163.500684979	55.0545097247	0.0325203252033	2017-05-11
ALNT	-0.0105756297136	6	-31.7268891408	51.5951230117	0.0400340715503	2017-06-06
ALNT	0.0275283876236	6	82.5851628708	49.2385291936	-0.000884173297966	2017-07-19
ALM	-0.0045603776081	6	-13.6811328243	57.7410065288	0.00280436202539	2016-08-12
ALM	-0.0228486617882	6	-68.5459853645	52.3024456499	0.00729376815128	2016-10-06
ALM	-0.0177915402901	6	-53.3746208702	58.9174893932	0.013382630971	2017-02-24
ALM	-0.00955171754549	6	-28.6551526365	61.075804423	0.00180526331839	2017-05-05
ALM	-0.0187443411409	6	-56.2330234227	50.0621381304	-0.00192554557125	2017-06-05
AMS	0.0457076977735	4	137.123093321	48.5929288538	0.0329952806507	2017-05-26
AMS	0.0118184651931	6	35.4553955793	61.2893090402	-0.00474885844749	2017-07-20
AMS	0.0150295711319	6	45.0887133956	41.0673875103	0.00211742059673	2017-08-02
AMS	0.000328146316816	6	0.984438950447	46.2303268396	-0.0140845070423	2017-08-17
AMP	-0.0914543366283	6	-274.363009885	52.2119150406	0.0263157894737	2015-11-06
AMP	0.0458991500756	2	137.697450227	48.1536549559	0.0347826086957	2016-05-02
AMP	0.0488297254151	1	146.489176245	57.466680691	0.0403225806452	2016-08-19
AMP	0.0470792870203	1	141.237861061	56.9865973389	0.0151515151515	2016-09-30
AMP	0.0452018225873	1	135.605467762	47.6355804811	0.0325203252033	2016-10-07
AMP	0.0504120053945	1	151.236016183	48.0987973306	-0.017094017094	2016-11-08
AMP	0.0741538262166	1	222.46147865	75.7307386511	0.0408921933086	2017-01-10
AMP	0.0373959499121	1	112.187849736	55.4320628547	0.0111524163569	2017-02-23
AMP	0.0416221961209	1	124.866588363	75.9468538604	-0.0201149425287	2017-03-17
AMP	0.0482011712633	1	144.60351379	56.6777211049	0.0492307692308	2017-03-30
AMP	0.0606231284381	1	181.869385314	37.997002465	0.169064748201	2017-04-03
AMP	0.00574497985214	6	17.2349395564	52.7271641749	0.00414937759336	2017-08-25
APAM	-0.0802968107008	6	-240.890432102	46.4375674373	-0.0313242460099	2016-06-23
APAM	0.0121160154775	6	36.3480464324	70.7221771425	0.00498639489055	2016-09-26
APAM	-0.0298368236002	6	-89.5104708006	55.5309466998	0.00226650871694	2017-03-21
APPS	0.000602106509365	6	1.8063195281	64.6377678774	0.00692171767338	2016-08-16
APPS	0.0195837963973	6	58.7513891918	52.1124477171	0.0222352843931	2017-04-04
APPS	-0.0401493218623	6	-120.447965587	46.169920557	0.0217910044573	2017-06-05
APPS	0.00856401603579	6	25.6920481074	56.4057819065	0.00983899821109	2017-07-20
APPS	0.00105922953369	6	3.17768860107	48.7873792193	0.0140462165836	2017-08-09
A3M	-0.0234618439304	6	-70.3855317913	53.5189177151	0.0301721472924	2017-04-18
CAF	-0.0157305371242	6	-47.1916113727	41.6759417095	0.0238403905561	2016-10-25
CAF	0.031571879969	6	94.7156399071	79.6653160075	0.0255835021848	2017-02-23
CAF	-0.00798108328121	6	-23.9432498436	49.6191297975	0.0120611096221	2017-08-09
AXIA	-0.00389410773859	6	-11.6823232158	35.3657956337	0.0337299628057	2016-01-15
AXIA	0.0151282032854	6	45.3846098563	62.0333769046	-0.028947387864	2016-12-30
AXIA	-0.00443435681129	6	-13.3030704339	58.4260629986	-0.0199934980494	2017-06-21
AZK	0.0441327528793	1	132.398258638	64.6815054246	0.024987133299	2015-12-10
AZK	0.0404318184306	1	121.295455292	42.6285993268	0.0546090776736	2016-02-08
AZK	-0.0126160036665	6	-37.8480109995	42.9130177373	-0.0011463781615	2016-06-23
AZK	0.0366915624484	1	110.074687345	59.3228910451	0.0171569698824	2016-07-22
AZK	0.0392197193805	1	117.659158141	58.9805454302	0.0186969318398	2016-08-12
AZK	0.0510979077498	3	153.293723249	59.7935577138	0.0166732680737	2016-11-08
AZK	0.0199273786189	6	59.7821358567	68.6156447017	0.015380758383	2017-02-16
AZK	-0.0129627442695	6	-38.8882328086	45.7796291726	0.0292188037354	2017-03-14
AZK	-0.0481439357899	6	-144.43180737	41.8940235664	-0.00816450791542	2017-03-31
AZK	0.0437947101284	2	131.384130385	67.7224795337	-0.0062893081761	2017-07-18
AZK	0.0412903190339	6	123.870957102	63.2272396891	0.0190114068441	2017-07-21
AZK	0.0121805917639	6	36.5417752916	55.1460705618	-0.0115384615385	2017-08-08
SAB	0.0477533621003	4	143.260086301	49.4127350469	0.0267412935323	2017-04-12
SAB	0.0360638840564	3	108.191652169	67.7810186488	0.00282645562465	2017-04-27
SAB	0.0206663754144	6	61.9991262433	66.781508984	-0.00971397733405	2017-05-16
SAB	0.013168041851	6	39.5041255529	61.0729141973	0.000541418516513	2017-05-25
SAB	-0.0157747559148	6	-47.3242677443	50.6021276976	0.00664084117322	2017-06-06
SAB	0.0103303997596	6	30.9911992789	59.2596177079	0.0204301075269	2017-07-17
SAB	0.0297921527896	6	89.3764583687	55.9014369952	0.00791556728232	2017-08-09
SAB	0.000794586344782	6	2.38375903435	45.8591439168	0.00703844071467	2017-08-28
SAN	-0.0276707123328	6	-83.0121369984	63.5334693193	-0.0174480910918	2017-05-16
SAN	0.0656857949964	3	197.057384989	46.4197583959	0.00343612178749	2017-06-06
SAN	0.0447562763498	6	134.268829049	42.9662015296	0.0195363885235	2017-07-18
SAN	0.00310420983462	6	9.31262950387	49.19147442	0.0174459176553	2017-08-09
BKIA	0.0436668877999	3	131.0006634	65.5313000107	-0.0286718112805	2016-10-25
BKIA	-0.0241965400803	6	-72.589620241	66.2074738406	0.0127518930518	2017-01-09
BKIA	0.0358141598522	6	107.442479557	42.2475974973	0.0452583353195	2017-02-07
BKIA	-0.00912602884614	6	-27.3780865384	58.505895342	0.0121836925961	2017-04-10
BKIA	-0.0173370232588	6	-52.0110697764	53.2072661324	0.002722323049	2017-05-16
BKIA	-0.0253909262454	6	-76.1727787361	51.1247418319	0.00915122397621	2017-08-08
BKT	-0.01494382204	6	-44.8314661199	59.8987274894	-0.00299144608121	2016-08-12
BKT	0.0352367967126	3	105.710390138	53.3840994586	0.0129116867665	2017-01-23
BKT	0.0224897463068	6	67.4692389204	45.732110992	0.00405063291139	2017-06-06
BKT	-0.0120960087783	6	-36.288026335	63.2524315426	0.00275944811038	2017-07-17
BKT	-0.00462633146635	6	-13.8789943991	57.3873974152	0.00789473684211	2017-08-09
BDL	0.0159663472887	6	47.899041866	76.7257021218	-0.0340849501835	2015-09-28
BDL	0.0103118141319	6	30.9354423957	81.9802395524	-0.00521574205785	2015-12-08
BDL	0.038500387353	1	115.501162059	39.421554739	0.026	2016-01-20
BDL	0.0321771174467	6	96.5313523402	53.0524197621	0.00576923076923	2016-04-07
BDL	-0.000207189359309	6	-0.621568077926	52.6271116197	0.0144230769231	2016-04-21
BDL	0.0109940968067	6	32.98229042	54.4091574474	0.0190476190476	2016-05-17
BDL	-0.0376808509803	6	-113.042552941	57.5441313981	0.00234741784038	2016-06-09
BDL	0.014418988306	6	43.2569649181	49.0745354355	0.0196463654224	2016-10-07
BDL	-0.00702076070515	6	-21.0622821155	46.9822839009	-0.000892060660125	2017-01-27
BDL	-0.0236094368592	6	-70.8283105775	56.7075302207	0.000438788942519	2017-07-17
CBAV	-0.0665035014391	6	-199.510504317	72.2135706025	0.00409036364585	2016-12-09
CBAV	0.00174574821658	6	5.23724464975	59.5413562863	0.0019550342131	2017-06-08
BBVA	-0.0171213226501	6	-51.3639679503	57.3653832096	0.00780136163396	2017-01-10
BBVA	0.0427217114971	6	128.165134491	53.9564960621	0.013381294964	2017-04-12
BBVA	0.0275061808661	6	82.5185425982	73.8265836081	0.000262743037309	2017-04-26
BBVA	-0.0133286064241	6	-39.9858192724	55.2076863286	0.000133725595079	2017-05-25
BBVA	0.00303412541295	6	9.10237623885	60.817274706	0.00288222193109	2017-07-17
BBVA	0.0102819272014	6	30.8457816043	54.4882672108	0.0183771191924	2017-08-09
BIO	0.052589473547	1	157.768420641	62.0346960508	0.010101010101	2016-01-06
BIO	0.0407010739067	1	122.10322172	51.5470346346	-1.0	2016-04-04
BIO	-0.0248046999706	6	-74.4140999118	50.7101137752	0.043956043956	2016-05-03
BIO	0.0355103036189	1	106.530910857	56.1532523797	-0.031914893617	2016-05-26
BIO	0.0418514440742	1	125.554332223	55.3768315344	-0.0114942528736	2016-08-01
BIO	0.0424684941631	1	127.405482489	53.2872252379	0.0	2016-08-12
BIO	0.0358860163441	1	107.658049032	55.4327382615	0.010101010101	2016-08-29
BIO	0.0146519324443	6	43.955797333	69.2828401236	-0.0948275862069	2016-10-05
BIO	0.061441461655	1	184.324384965	45.8711859849	0.0714285714286	2016-11-08
BIO	0.0428702186239	1	128.610655872	68.5168938268	0.0217391304348	2017-01-11
BIO	0.0376572018863	1	112.971605659	72.4389784097	0.00641025641026	2017-02-07
BIO	0.0436218267944	1	130.865480383	49.7725574267	0.0909090909091	2017-02-09
BIO	0.0457844741171	1	137.353422351	46.7194295954	0.0140845070423	2017-02-27
BIO	-0.13078129562	6	-392.343886859	49.6092491278	0.0208333333333	2017-03-30
RIO	0.0405212629	3	121.5637887	67.4287233367	-0.0760871995528	2016-08-08
RIO	-0.000594345956792	6	-1.78303787038	67.5238076644	0.00858568023307	2016-08-12
CABK	-0.00172587123875	6	-5.17761371624	58.6534021738	0.0112669444281	2017-02-06
CABK	0.0424726615468	3	127.41798464	52.7199292921	0.0290795481855	2017-05-17
CABK	0.0444779961219	6	133.433988366	49.6475525718	-0.00896535013327	2017-06-20
CABK	0.0446595963629	3	133.978789089	57.7155765941	-0.0119690213565	2017-06-29
CABK	0.0403351473276	5	121.005441983	52.3329965311	0.028101439342	2017-08-10
CABK	0.0110489694109	6	33.1469082327	47.7770299098	0.0101242521859	2017-08-28
CLNX	-0.0436658375976	6	-130.997512793	55.326497139	0.00280124360142	2016-10-05
CLNX	0.00727571900826	6	21.8271570248	65.1494165602	0.0259096028279	2017-03-21
CLNX	0.0379289284863	2	113.786785459	69.0960733479	0.00347021399653	2017-05-23
CLNX	-0.00532918306908	6	-15.9875492072	50.5885437689	0.0292617449664	2017-06-28
CLNX	0.00628911422988	6	18.8673426896	60.742362545	0.00763157894737	2017-07-31
CLNX	-0.0118458640443	6	-35.537592133	58.3052364188	0.00263296471827	2017-08-10
CIE	0.00895594191863	6	26.8678257559	59.8005261931	0.0136872987818	2016-08-12
CIE	-0.0179230479807	6	-53.7691439421	49.5872026804	-0.00949587408836	2016-11-08
CIE	0.0162730684169	6	48.8192052506	77.0080613393	-0.00368017220428	2017-05-17
CIE	-0.00403986406806	6	-12.1195922042	50.4501055574	0.00865779833452	2017-06-26
CIE	-0.00175613480299	6	-5.26840440898	59.736608421	-0.021790620559	2017-07-20
CIE	0.0404468159773	5	121.340447932	46.5103638497	0.0180952380952	2017-08-28
DIA	-0.00838349354975	6	-25.1504806493	52.7688399098	-0.00246772968869	2017-07-18
DIA	0.00477285672861	6	14.3185701858	55.6706828376	-0.0143833153542	2017-08-17
EBRO	-0.02702598173	6	-81.0779451899	61.665599654	0.0119151898367	2015-10-28
EBRO	0.018872657137	6	56.617971411	56.6851205916	0.0119938638585	2016-03-30
EBRO	0.00597607614534	6	17.928228436	45.8837898047	-0.00367508768363	2016-08-12
EBRO	-0.0443416950274	6	-133.025085082	50.4060841093	0.0251633148473	2016-10-26
EBRO	0.0253764546876	6	76.1293640627	63.1480870971	0.0108433383277	2017-05-17
EBRO	0.00708111676897	6	21.2433503069	39.9272378696	0.0238560794045	2017-06-28
EBRO	0.00186391380671	6	5.59174142013	51.4875721796	-0.000738188976378	2017-08-09
ENO	-0.00135170221098	6	-4.05510663295	44.7969232227	0.0369873410859	2016-06-10
ENO	0.00288175689916	6	8.64527069747	82.88699838	0.0	2017-05-17
ENO	0.00717212316535	6	21.5163694961	49.241761603	0.005	2017-07-21
ENG	0.00599902532568	6	17.997075977	62.7130140747	-0.0115452166127	2016-03-30
ENC	0.015525299661	6	46.5758989829	68.065766942	0.0156003442835	2017-03-21
ENC	0.0167417810114	6	50.2253430343	71.6568247857	-0.010167587858	2017-05-16
ENC	0.0446560817867	5	133.96824536	64.4074822969	-0.0127599516101	2017-06-07
ENC	-0.0781713275565	6	-234.51398267	62.6362160336	-0.0105432595573	2017-07-18
ELE	-0.0137647632224	6	-41.2942896672	64.8961234566	-0.00265951414249	2016-08-12
ELE	-0.0259625965134	6	-77.8877895402	40.9426063561	0.0331154268264	2017-06-28
ECR	0.0393235691959	1	117.970707588	60.7535543732	0.0111236271473	2016-05-09
ECR	0.0437821412446	1	131.346423734	73.4807040587	-0.0439474855363	2016-06-09
ECR	0.0643460870841	1	193.038261252	86.5578480463	-0.0565562148821	2016-07-21
ECR	0.0661261884238	1	198.378565271	59.1888555641	0.00923058947245	2016-08-12
ECR	0.0474852759929	1	142.455827979	54.8531379358	0.0328077455048	2016-09-09
ECR	0.0496811786428	1	149.043535929	54.1850860447	0.00544734235721	2016-09-27
ECR	0.0503044604723	1	150.913381417	56.9894505027	-0.0420775490665	2016-11-08
ECR	0.0688625771235	1	206.58773137	38.4062817559	0.0744789703269	2016-11-28
ECR	0.061895877103	1	185.687631309	68.2359624275	0.0228025903743	2017-02-28
ECR	0.0491436357145	1	147.430907144	48.211736045	0.0392533715552	2017-04-03
ECR	0.0554943365445	1	166.483009634	38.5390968282	0.0024685174585	2017-04-11
ECR	0.0568084804279	1	170.425441284	60.1643207738	0.0393939393939	2017-07-07
ECR	0.0454606493346	1	136.381948004	45.2253086143	0.00588235294118	2017-08-02
EZE	0.0404231940164	1	121.269582049	60.135895482	0.00425531914894	2016-04-27
EZE	0.0618425719403	1	185.527715821	50.8879423371	0.0144230769231	2016-05-06
EZE	0.0607372199893	1	182.211659968	79.7448810399	-0.0966666666667	2016-07-19
EZE	0.0830943241077	1	249.282972323	54.0783338936	0.0621468926554	2016-08-01
EZE	0.044179947264	1	132.539841792	51.3867426924	0.0277264325323	2016-08-29
EZE	0.042399932637	1	127.199797911	40.2553172329	0.0690298507463	2016-10-13
EZE	0.0425420348561	1	127.626104568	58.1779955197	0.037037037037	2016-12-19
EZE	0.0242719298013	6	72.815789404	48.7790909869	-0.00915750915751	2017-02-06
EZE	0.0393746656116	6	118.123996835	65.4555937138	-0.0317195325543	2017-02-22
EZE	0.0509431107434	1	152.82933223	54.865996528	0.0180555555556	2017-03-31
EZE	0.0553596751068	1	166.07902532	47.2991314717	-0.00294117647059	2017-04-20
EZE	0.0400182759874	1	120.054827962	43.232064622	0.0317700453858	2017-05-17
EZE	0.0460375793978	1	138.112738193	64.1117433615	-0.0455764075067	2017-06-20
EZE	0.105886432956	6	317.659298869	40.9761814538	0.0222841225627	2017-07-31
EZE	0.0354712336926	4	106.413701078	56.5298839397	-0.0105124835742	2017-08-28
FAE	-0.0280007962635	6	-84.0023887905	66.5320639016	-0.036205907657	2016-01-06
FAE	0.0266825522738	6	80.0476568214	56.0798682976	0.00717971729863	2016-03-30
FAE	0.0376794278299	6	113.03828349	51.6335650217	-0.0153366627705	2016-06-23
FAE	0.0365795340054	1	109.738602016	55.0502542668	0.00142899672522	2016-08-12
FAE	0.0365541841436	5	109.662552431	58.3157582492	0.00589320792904	2016-12-27
FCC	0.148438635124	3	445.315905373	59.1069017087	-0.0319668491934	2016-03-03
FCC	0.0092800102818	6	27.8400308454	69.3608969266	0.00290084388186	2016-03-30
FCC	0.00194111168797	6	5.82333506391	52.706779116	-0.0014490844421	2016-05-30
FCC	0.00685444305612	6	20.5633291684	47.6884217271	0.00158814187401	2016-06-24
FCC	-0.0636407086751	6	-190.922126025	53.335201236	-0.000263435194942	2016-07-15
FCC	0.0183149838262	6	54.9449514786	55.0749570302	0.00122249388753	2016-09-01
FCC	-0.0318177213557	6	-95.453164067	47.2925532159	-0.00107655502392	2016-10-12
FCC	0.0184399719012	6	55.3199157036	49.0787739906	0.0257927117842	2017-03-13
FCC	-0.0158974167988	6	-47.6922503963	55.0989495766	0.00599907706507	2017-04-13
FCC	0.0134558645794	6	40.3675937381	56.0028151936	0.0104545454545	2017-05-11
FCC	0.0268072384241	6	80.4217152722	62.0827713897	0.0169491525424	2017-06-07
FCC	-0.00183123443979	6	-5.49370331938	65.447803773	-0.0102527662166	2017-06-26
FCC	0.036609524444	4	109.828573332	50.2916988231	-0.011396011396	2017-07-10
FCC	0.0389709895706	6	116.912968712	44.7925742971	0.0276645936093	2017-07-31
FCC	-0.00967488464055	6	-29.0246539217	48.9432552436	-0.0103114701818	2017-08-10
FER	-0.0367760057087	6	-110.328017126	53.165346501	0.0260894448083	2016-10-26
FER	-0.0208813526044	6	-62.6440578133	55.3924363797	0.0200169157034	2017-01-17
FER	0.0459269845256	5	137.780953577	60.3759488537	0.00951581304226	2017-03-13
FER	0.0139595955435	6	41.8787866304	64.166782419	0.0102094240838	2017-04-19
FER	0.0138109930264	6	41.4329790792	58.8927213245	0.00842418235877	2017-06-06
FER	-0.00353637028602	6	-10.6091108581	53.5598714524	0.0259579728059	2017-06-20
FDR	0.0599949140361	6	179.984742108	57.5082735332	-0.00324686081569	2015-10-23
FDR	0.0476730380233	2	143.01911407	66.4415193778	-0.0509963193299	2016-06-01
FDR	0.0360222591065	1	108.066777319	39.1749343732	0.0756777627623	2016-06-16
FDR	0.0182182232029	6	54.6546696087	56.1644584892	0.00898876404494	2016-10-28
FDR	-0.00317376160721	6	-9.52128482162	48.8946986881	0.00688073394495	2016-11-09
FDR	-0.00681038885922	6	-20.4311665777	64.3029787052	0.0112612612613	2016-12-27
FDR	0.0213203677606	6	63.9611032818	52.7523457018	0.00571428571429	2017-02-03
FDR	-0.00941233452716	6	-28.2370035815	74.0796504459	0.0242483026188	2017-03-02
FDR	0.065256067369	3	195.768202107	54.5122186731	0.0223813786929	2017-05-17
FDR	0.0380962100285	5	114.288630085	65.6829851165	0.0125	2017-06-30
FDR	0.0503307936139	2	150.992380842	74.2472686146	0.0182767624021	2017-08-03
FDR	0.036850860766	3	110.552582298	71.0191098304	0.0177890724269	2017-08-10
GAM	0.00586402138075	6	17.5920641423	67.0521180992	0.00175749894381	2016-08-12
GAM	0.00710829818013	6	21.3248945404	66.1233593768	-0.00503336290354	2017-05-16
GAM	-0.00516589121404	6	-15.4976736421	52.4478971426	0.000489500462306	2017-05-29
GAS	-0.0111879935423	6	-33.563980627	67.5069290356	-0.0119702619134	2016-08-12
GCO	-0.0255364386732	6	-76.6093160195	61.9507158495	0.00991464983047	2016-08-12
GCO	0.000379231220003	6	1.13769366001	67.9996400593	0.000991010360257	2016-12-13
GCO	0.00872053366804	6	26.1616010041	56.3471658432	0.00913260477419	2017-06-22
GCO	0.0140951610751	6	42.2854832252	55.1616627106	0.00318217979316	2017-07-21
GCO	0.00576569491998	6	17.29708476	52.1210228327	-0.000265111346766	2017-08-09
GRF	-0.514059263209	6	-1542.17778963	51.3905939823	0.0113762013609	2015-12-31
GRF	-0.0526558612542	6	-157.967583763	62.1563079614	-0.00218933010452	2016-07-27
GRF	0.00509699583797	6	15.2909875139	49.0114596585	-0.00788778143863	2016-08-12
GRF	0.038702386728	4	116.107160184	59.5808130164	0.00793681502046	2017-02-27
GRF	0.041427250994	5	124.281752982	65.9807539046	-0.0259368275939	2017-03-20
GRF	-0.00394766065649	6	-11.8429819695	70.2289182131	0.00492565975728	2017-05-16
GRF	-0.0549620183708	6	-164.886055112	60.2245559152	0.0280015343306	2017-06-26
HIS	-0.0721597165198	6	-216.47914956	55.5708348995	0.0316084199163	2016-06-09
HIS	0.0327860174331	6	98.3580522993	70.949623522	0.0075	2017-04-26
HIS	0.00365819061656	6	10.9745718497	73.4370690533	-0.00549450549451	2017-05-10
HIS	0.0110163066245	6	33.0489198736	52.1448757614	0.015037593985	2017-06-09
IAG	0.0376931653021	1	113.079495906	60.7931896056	-0.0127353732347	2016-11-08
IAG	0.0116588114001	6	34.9764342004	58.6739997326	0.00442420110532	2017-05-26
IAG	-0.0584364277853	6	-175.309283356	58.2650194302	-0.000422773393461	2017-07-17
IAG	0.00452565239503	6	13.5769571851	51.8250676378	0.0133118782914	2017-08-17
IBE	-0.00928674408792	6	-27.8602322637	51.8278038459	0.00450974687227	2017-07-20
IBE	0.0337333467005	6	101.200040102	53.6028188725	-0.000146113383986	2017-08-09
IBE	0.00122404547483	6	3.67213642449	52.8045967704	0.00231548480463	2017-08-28
IBG	0.0415157539196	3	124.547261759	57.1239264871	-0.00566461914287	2016-03-30
IBG	-0.00394478639852	6	-11.8343591956	67.073797358	0.0255991502357	2017-03-23
IBG	0.0120428530133	6	36.1285590398	66.8972270629	-0.0293488535654	2017-05-17
IBG	0.00537990128745	6	16.1397038624	50.7072723139	0.0132231404959	2017-06-14
ITX	-0.000992328858828	6	-2.97698657648	61.4618397346	-0.00360280741591	2016-08-12
ITX	-0.0025560530399	6	-7.66815911971	81.0427149591	-0.0115052732502	2017-05-10
ITX	-0.0211788231632	6	-63.5364694895	58.347974148	-0.00576843840132	2017-06-09
ITX	-0.00441195869836	6	-13.2358760951	35.5598865796	0.0115824525843	2017-06-28
ITX	0.00288290507668	6	8.64871523005	47.1672281481	-0.013025025611	2017-07-20
IDR	-0.00103109543408	6	-3.09328630223	54.6893061963	0.00957661290323	2015-10-12
IDR	-0.0224789798732	6	-67.4369396197	63.077848113	-0.000480307396734	2015-11-06
IDR	0.048247518757	3	144.742556271	61.9466803027	-0.0358166189112	2016-04-14
IDR	-0.0138089769527	6	-41.426930858	56.7200813738	0.0	2016-04-28
IDR	-0.0451114123111	6	-135.334236933	47.4859382244	-0.0170255383075	2016-06-08
IDR	0.00766235389056	6	22.9870616717	70.9379853499	-0.000427533133818	2016-08-24
IDR	0.0375389697741	5	112.616909322	55.0393134191	0.0170833333333	2016-09-27
IDR	-0.0363626526554	6	-109.087957966	58.1628553492	-0.00656006560066	2016-10-06
IDR	-0.0348281362508	6	-104.484408752	43.2194705637	0.00951557093426	2016-10-25
IDR	0.0863834356295	3	259.150306888	61.2632177977	0.00956719817768	2017-02-22
IDR	0.0406714584799	4	122.01437544	59.8685586168	0.0135421074905	2017-03-21
IDR	0.0578515269988	6	173.554580997	62.6756172948	-0.0167346938776	2017-04-13
IDR	-0.0578871653476	6	-173.661496043	56.5927045843	0.0243137254902	2017-05-11
IDR	0.00797208398353	6	23.9162519506	62.2956483865	-0.00421294523171	2017-06-09
IDR	0.00227034865765	6	6.81104597296	51.7720167689	0.0232738557021	2017-06-28
IDR	-0.00672996286177	6	-20.1898885853	57.3383596142	0.0335320417288	2017-07-24
IDR	0.00413388962574	6	12.4016688772	60.9118117118	-0.0124013528749	2017-08-28
COL	0.00881547496509	6	26.4464248953	71.224445998	0.00662983425414	2017-08-10
ISUR	0.0511317801236	1	153.395340371	53.2862717328	-0.0137310175502	2016-03-30
ISUR	0.0447595313478	1	134.278594044	55.1763098441	0.0351129658944	2016-04-28
ISUR	0.0533043439688	1	159.913031906	53.2683604747	0.0283710856637	2016-07-06
ISUR	-0.0315584161756	6	-94.6752485267	48.7031711351	0.0175467677007	2016-09-15
ISUR	-0.0138466223977	6	-41.5398671931	55.6386058874	0.013025643486	2016-12-12
ISUR	-0.00948885417519	6	-28.4665625256	74.996046113	-0.0576536985812	2017-02-01
ISUR	0.0354235273369	1	106.270582011	47.1644312974	0.0382526278753	2017-03-14
ISUR	0.0496329187919	3	148.898756376	74.2004247447	-0.0581102614632	2017-06-01
ISUR	0.0150342723811	6	45.1028171433	48.359008651	0.0709981186555	2017-06-08
ISUR	0.0144798566977	6	43.439570093	52.0487054604	-0.0148519289578	2017-06-22
ISUR	-0.0217944210727	6	-65.3832632182	55.8308687866	-0.0167158308751	2017-07-06
ISUR	0.020406155913	6	61.218467739	70.1401377167	0.000909090909091	2017-08-09
INY	-0.0391281652363	6	-117.384495709	47.9076251121	0.0	2016-06-01
INY	0.0542454613068	1	162.73638392	50.9539261301	0.060008760403	2017-01-31
INY	0.0561082687421	1	168.324806226	40.7121387894	0.0398598335523	2017-03-30
INY	0.0750644799825	1	225.193439947	73.5167605514	0.031746031746	2017-07-17
LBK	-0.0330152870135	6	-99.0458610405	55.3778996701	0.00687285223368	2015-12-31
LBK	-0.288722429958	6	-866.167289875	74.059276425	-1.0	2016-01-13
LBK	0.0708393187153	1	212.517956146	57.7965496917	-0.0564516129032	2016-02-01
LBK	0.076993121224	1	230.979363672	53.7655366395	-0.0173913043478	2016-02-05
LBK	0.0462097423235	1	138.629226971	53.3098583003	0.00257289879931	2016-03-24
LBK	0.0383940648058	1	115.182194417	61.3238405903	0.0122905027933	2016-11-01
LBK	0.0427366354178	1	128.209906254	52.1627601492	0.0	2016-11-08
LBK	0.0432870058463	1	129.861017539	50.4713586072	-0.00568181818182	2016-12-01
LBK	0.0395763790738	2	118.729137221	53.5340618155	-0.00687622789784	2017-01-18
LBK	-0.0408467575471	6	-122.540272641	59.8678892773	-0.014598540146	2017-02-16
LBK	0.0482137900368	3	144.64137011	46.5305459168	0.00977777777778	2017-04-13
LBK	0.0430832114655	3	129.249634397	52.6157626628	-0.00740740740741	2017-05-17
LBK	-0.387948578899	6	-1163.8457367	37.2822307673	0.0279475982533	2017-06-02
LGT	0.0380439486035	4	114.131845811	74.4259275866	-0.0229637746655	2016-05-18
LGT	0.037155297147	1	111.465891441	70.3820231096	0.0515549492623	2016-07-21
LGT	0.0538022958599	3	161.40688758	54.1570400335	0.0145032051282	2016-08-12
LGT	-0.0192617381158	6	-57.7852143475	84.2054450323	-0.0244626515687	2017-02-01
LGT	-0.0203477700044	6	-61.0433100133	79.435555193	0.0016802186896	2017-05-15
LGT	0.0354087781037	1	106.226334311	47.5369405805	0.0208577454886	2017-06-21
LGT	0.0361964010151	1	108.589203045	35.883956535	0.0294117647059	2017-06-27
LGT	-0.0895423920015	6	-268.627176004	43.224487005	0.0125031257814	2017-07-21
LOG	0.0187228701807	6	56.1686105421	55.457444468	0.0151264210749	2017-06-08
MAP	0.0109954042882	6	32.9862128646	67.5754738441	0.00470298159901	2016-08-12
MAP	-0.0105146056105	6	-31.5438168314	49.0249639753	0.0356812306514	2017-05-17
MAP	-0.0235565324866	6	-70.6695974599	55.5751741903	-0.0218423551757	2017-06-20
MAS	-0.016692564137	6	-50.0776924111	69.2162564966	0.0236220472441	2015-10-27
MAS	0.0362492570324	5	108.747771097	67.3458996399	0.0133907221425	2016-05-02
MAS	-0.0210769297821	6	-63.2307893464	61.4589677311	-0.00243902439024	2016-06-03
MAS	0.0786797708434	6	236.03931253	49.3906494306	-0.00151362260343	2016-06-14
MAS	-0.021777085178	6	-65.331255534	56.9777958093	0.0169902912621	2016-06-24
MAS	-0.000696277253134	6	-2.0888317594	58.5263802187	-0.0333011583012	2016-07-15
MAS	0.032731089108	6	98.1932673241	58.5650338883	0.00095328884652	2016-08-22
MAS	0.0278172284765	6	83.4516854295	86.7426732092	-0.0289429530201	2016-09-07
MAS	0.0367386516529	2	110.215954959	87.5278502993	-0.020198019802	2016-09-23
MAS	-0.00151776949426	6	-4.55330848278	64.5336957882	0.000766283524904	2016-11-02
MAS	0.00886148192825	6	26.5844457847	56.5841357056	0.0	2016-11-24
MAS	-0.0038899333974	6	-11.6698001922	52.6481569675	0.0019267822736	2016-12-05
MAS	0.0292395834152	6	87.7187502457	42.0524502008	0.0	2016-12-20
MAS	0.0229283294816	6	68.7849884449	66.2015236603	0.00444868128376	2017-03-08
MAS	0.00331969902675	6	9.95909708026	79.8321422254	-0.0314744402197	2017-04-20
MAS	0.0386698569665	4	116.009570899	85.0970236647	-0.0130561759148	2017-05-22
MAS	0.0429514547668	2	128.854364301	74.838466614	0.0198275862069	2017-05-30
MAS	-0.0353422600251	6	-106.026780075	71.5451395988	0.015873015873	2017-06-29
MAS	0.0379828381789	1	113.948514537	57.7560320941	-0.00731707317073	2017-07-17
MAS	0.0385315954055	1	115.594786217	67.0688672031	0.0381944444444	2017-08-01
MAS	0.0444684700272	1	133.405410082	60.1735412973	0.0300429184549	2017-08-03
TL5	-0.0986085634382	6	-295.825690315	52.346198589	-0.0096154715923	2016-06-23
TL5	-0.02349952693	6	-70.4985807901	60.2543100641	0.0117171717172	2017-05-10
TL5	-0.0127883927324	6	-38.3651781971	36.5155151743	0.00915431560593	2017-06-08
MEL	0.0312639880452	6	93.7919641357	44.2214110314	0.0612590220353	2016-06-13
MEL	0.0120363044108	6	36.1089132325	65.0620830933	0.00904762339953	2016-08-12
MEL	0.0142882327216	6	42.8646981647	51.4531727659	-0.0067143205704	2016-09-29
MEL	-0.0158948293957	6	-47.6844881872	46.0598616681	-0.00727426361858	2016-11-08
MEL	-0.00467081139936	6	-14.0124341981	52.9118653157	-0.00641993957704	2017-07-20
MEL	0.00158475014085	6	4.75425042254	50.8154550628	0.0129081245254	2017-08-09
MRL	-0.0198022582016	6	-59.4067746047	57.2066962972	-0.00166624501653	2015-12-18
MRL	-0.00331497847844	6	-9.94493543533	62.9211018114	0.00550611790879	2017-02-27
MRL	-0.0114453254303	6	-34.3359762909	69.0682367229	-0.012118491921	2017-05-10
MRL	-0.00154635861307	6	-4.63907583922	54.8044300398	0.00746924428822	2017-06-21
MRL	0.00396995453894	6	11.9098636168	62.6701695813	0.00130605137135	2017-07-24
MRL	0.0143856306352	6	43.1568919056	56.4162726359	0.0121369744257	2017-08-10
MCM	0.00374264342893	6	11.2279302868	48.2973005022	0.0155749264712	2016-06-24
MCM	0.0237616985501	6	71.2850956503	58.1294501454	0.00713670801137	2016-08-12
MCM	-0.450231088273	6	-1350.69326482	51.0144591196	0.00129020101489	2016-10-31
MCM	0.0202873058676	6	60.8619176028	74.7424933476	-0.0176578006633	2017-05-17
MCM	0.0410108460305	2	123.032538091	60.313389535	0.00958447988544	2017-06-08
MCM	-0.0244015270749	6	-73.2045812247	54.6034113748	0.0236232186833	2017-07-03
MCM	0.00202378793656	6	6.07136380968	47.0420133563	0.0179153094463	2017-08-02
MCM	0.046964215535	2	140.892646605	48.4102842475	0.0146103896104	2017-08-30
MTB	0.0435371397712	1	130.611419314	62.6850392885	0.0105798067311	2016-08-12
MTB	0.0555600908501	3	166.68027255	49.6127785423	0.0323886639676	2016-09-26
MTB	-0.0622577868022	6	-186.773360407	70.1195201567	-0.0660377358491	2016-10-13
MTB	0.0496028410707	1	148.808523212	59.6753998259	0.0293159609121	2016-11-03
MTB	0.0389895239777	1	116.968571933	66.2184549418	0.031884057971	2016-12-16
MTB	0.0471104049159	1	141.331214748	55.5042781049	0.0121212121212	2016-12-21
MTB	0.0486116713248	1	145.835013974	50.0286721567	0.0106761565836	2017-03-30
MTB	0.0505269612132	1	151.58088364	43.3721744748	0.0485074626866	2017-04-03
MTB	0.047542687937	5	142.628063811	49.0750953257	0.00596421471173	2017-08-28
NHH	-0.093494403161	6	-280.483209483	62.8518825114	0.0225733634312	2016-06-09
NHH	-0.0176131087136	6	-52.8393261409	50.9927532077	-0.0246658535978	2016-11-08
NHH	0.00900881003306	6	27.0264300992	69.3420318194	-0.0022454071218	2017-02-21
NHH	0.037717741866	5	113.153225598	72.9035484779	-0.025539846523	2017-05-16
NHH	-0.0142262097185	6	-42.6786291556	67.7692876149	-0.004329004329	2017-08-08
NHH	-0.00762406304207	6	-22.8721891262	49.7306533099	0.00634057971014	2017-08-17
NEA	0.0374691628228	1	112.407488468	66.2447279791	-0.102112676056	2016-01-06
NEA	0.0407188224341	1	122.156467302	61.3614601951	0.0252707581227	2016-01-08
NEA	0.0433533944065	1	130.06018322	61.9309027026	0.0234113712375	2016-03-14
NEA	0.0101291466284	6	30.3874398853	55.6770996948	-0.0340557275542	2016-04-22
NEA	0.0007800487918	6	2.3401463754	53.0070598305	-0.0127388535032	2016-05-04
NEA	0.00708257932142	6	21.2477379642	47.2158704456	0.0	2016-05-26
NEA	0.0244977696322	6	73.4933088967	57.0788714296	-0.0173611111111	2016-07-18
NEA	-0.0232709703643	6	-69.8129110928	57.0030978786	-0.00341296928328	2016-07-28
NEA	0.0190280208826	6	57.0840626477	66.2738844956	0.0103806228374	2016-11-16
NEA	0.0535441459787	3	160.632437936	69.1899698828	-0.13296398892	2016-12-06
NEA	0.00469647376551	6	14.0894212965	66.2043281844	-0.00507614213198	2017-01-24
NEA	0.0724305039591	6	217.291511877	54.7498485064	0.00523560209424	2017-02-02
NEA	0.0403518439814	3	121.055531944	82.0037129372	-0.202380952381	2017-02-17
NEA	0.0444572943661	1	133.371883098	47.5045978801	0.0239520958084	2017-03-30
NEA	0.0440396279633	1	132.11888389	37.1027188348	0.00665188470067	2017-04-06
NEA	0.0369247674382	1	110.774302314	53.6298680941	0.0	2017-05-02
NEA	0.0364718096421	1	109.415428926	51.0706062543	-0.00623700623701	2017-06-07
OHL	0.0422592318081	1	126.777695424	49.1921639771	0.0295825416837	2016-05-06
OHL	0.0412026237225	1	123.607871167	62.1161543251	0.0340208947227	2016-10-12
OHL	0.0405504992953	1	121.651497886	47.2416753101	0.00368271954674	2016-11-08
OHL	0.0582960168383	6	174.888050515	46.9185434778	0.0379821958457	2017-01-27
OHL	0.0384296637178	1	115.288991154	75.9644826839	-0.0313225058005	2017-03-21
OHL	0.046240580614	1	138.721741842	73.8251241155	0.0119512755688	2017-03-28
OHL	0.0481476601653	1	144.442980496	67.6672609513	0.0	2017-04-03
OHL	0.0492648630754	1	147.794589226	49.0927003698	-0.0267639902676	2017-05-10
OHL	0.038009174269	1	114.027522807	68.389744473	-0.0369981632118	2017-07-27
ORY	0.0298581083372	6	89.5743250117	50.6557216638	0.0	2016-08-22
ORY	0.0115231526279	6	34.5694578837	55.2495845139	0.0275862068966	2016-10-13
ORY	0.172080131023	3	516.240393069	80.6364842611	-0.290400972053	2016-11-17
ORY	0.0810223242111	1	243.066972633	78.7648799716	-0.0334719746484	2016-11-28
ORY	0.0534159483573	1	160.247845072	50.7274636108	0.0301070472792	2016-12-29
ORY	-0.046261767494	6	-138.785302482	38.2383843376	0.00745920745921	2017-02-15
PQR	-0.00957875758067	6	-28.736272742	65.0723016681	0.0242628318172	2017-01-04
PQR	0.0158817978598	6	47.6453935795	44.2970611747	0.00502313958973	2017-05-16
PQR	-0.00156938046266	6	-4.70814138798	58.7702843464	-0.00266666666667	2017-07-17
PHM	0.0419806364745	1	125.941909423	49.7804055697	0.127272727273	2016-04-29
PHM	0.0498176234299	1	149.45287029	49.5757522413	0.0145454545455	2016-05-06
PHM	0.0430570635232	1	129.17119057	48.845901224	0.0241448692153	2016-06-03
PHM	0.0424952826621	1	127.485847986	44.9819637553	0.0397489539749	2016-06-09
PHM	0.0356093331359	1	106.827999408	54.7831373434	-1.0	2016-08-17
PHM	-0.0198606517825	6	-59.5819553474	55.6463509184	0.0120689655172	2016-09-28
PHM	0.0371594026026	3	111.478207808	49.0839045394	-0.0108695652174	2016-10-12
PHM	-0.0817463722076	6	-245.239116623	45.362967798	0.00744878957169	2016-10-27
PHM	0.0350587100738	6	105.176130221	62.1298527319	-0.0545454545455	2016-12-23
PHM	0.0453461541211	3	136.038462363	66.8918276201	-0.0152284263959	2017-01-27
PHM	-0.0229107174613	6	-68.7321523838	54.1768542332	0.0252525252525	2017-02-23
PHM	0.0927328945675	6	278.198683702	53.1175737667	0.0152284263959	2017-04-03
PHM	0.0371714808392	1	111.514442518	71.2935395098	0.0231362467866	2017-05-10
PHM	0.0400742754877	1	120.222826463	66.8398264146	-0.0232558139535	2017-05-16
PHM	0.02820242429	6	84.6072728701	70.2863609533	-0.0180288461538	2017-05-26
PHM	0.00346260525111	6	10.3878157533	54.6232256236	0.0388471177945	2017-06-06
PHM	0.0363973223244	2	109.191966973	49.2724012149	0.0216836734694	2017-06-29
PHM	0.038408690457	5	115.226071371	42.5661274002	0.032981530343	2017-08-10
PSG	-0.00922492331135	6	-27.674769934	99.4681025455	-1.0	2016-08-23
PSG	-0.0532398962435	6	-159.719688731	53.1536158554	0.0392475430465	2016-11-02
PSG	-0.0397796205717	6	-119.338861715	61.6960042118	-0.00661024588112	2017-02-03
PSG	0.0259844207998	6	77.9532623995	52.2070039697	0.0203365581142	2017-05-17
PSG	-0.0075718219643	6	-22.7154658929	41.1411114738	0.030924096968	2017-06-28
RLIA	0.0377764327815	1	113.329298344	69.7457827805	0.0132494646681	2015-10-14
RLIA	0.0372238805246	1	111.671641574	48.785535901	0.0347506709987	2016-01-06
RLIA	-0.0234884061172	6	-70.4652183517	51.3799476482	-0.0136547303887	2016-01-08
RLIA	0.0375860473929	4	112.758142179	70.4157827679	0.0182154415164	2016-04-25
RLIA	-0.0722291874471	6	-216.687562341	60.3396876849	-0.00903037489738	2016-05-03
RLIA	0.0646684569616	2	194.005370885	37.9379372851	0.0360700429905	2016-06-14
RLIA	-0.00578779703853	6	-17.3633911156	66.3407116391	-0.021978021978	2017-01-30
RLIA	0.00672310679867	6	20.169320396	56.4342957705	0.0110497237569	2017-02-21
RLIA	0.0422472390827	2	126.741717248	45.4802626248	0.043956043956	2017-04-04
RLIA	0.0413247715165	3	123.97431455	69.8543660881	-0.00952380952381	2017-05-17
RLIA	-0.00309431591511	6	-9.28294774532	56.3833360652	0.0142180094787	2017-06-07
RLIA	0.034803091125	6	104.409273375	58.4155236541	0.0045045045045	2017-08-10
RJF	0.0394111208927	1	118.233362678	58.0644434229	0.0229508196721	2016-08-03
RJF	0.00935933165939	6	28.0779949782	52.5133923122	-0.00906533291654	2016-09-09
RJF	0.0525772649887	4	157.731794966	60.031456453	-0.0244612696564	2016-10-28
RJF	0.0368179654898	1	110.453896469	43.3872098301	0.0409375	2016-11-08
RJF	0.0702834931978	5	210.850479593	57.3987671091	0.0117434507678	2017-02-06
RJF	0.0662941888571	4	198.882566571	69.868696036	-0.024	2017-02-16
RJF	0.0386359761848	1	115.907928554	61.4094063003	-0.00239361702128	2017-02-27
RJF	0.0385168849369	1	115.550654811	52.6149210999	0.0108991825613	2017-03-13
RJF	-0.0139833059038	6	-41.9499177115	47.5371075338	-0.00193637621024	2017-04-03
RJF	-0.0207544422882	6	-62.2633268645	53.2264511423	-0.00508762012436	2017-04-26
R4	0.0233391676616	6	70.0175029847	62.9802135918	0.0	2017-01-02
R4	-0.0255561175546	6	-76.6683526637	60.1375771159	0.00334448160535	2017-06-02
R4	0.0141297900213	6	42.3893700639	55.7679361295	0.00502512562814	2017-08-17
REN	0.0435518324383	1	130.655497315	56.6190621132	0.0028901734104	2016-06-10
REN	0.0473765665891	6	142.129699767	57.8069407789	-0.0533642691415	2016-08-23
REN	0.0384158878187	1	115.247663456	54.4636933136	0.0239234449761	2016-09-09
REN	0.040249066399	6	120.747199197	54.2109831327	-0.0366748166259	2016-09-29
REN	-0.0211786502196	6	-63.5359506589	40.3318869776	0.010152284264	2016-11-08
REN	-0.00905015052487	6	-27.1504515746	50.1308658825	0.0253807106599	2017-02-24
REN	0.0487233158342	1	146.169947503	52.1742177239	0.0227670753065	2017-06-06
REN	-0.0242653174353	6	-72.7959523058	60.3222243648	-0.0285234899329	2017-07-05
REN	0.0391015663765	3	117.304699129	57.7025423496	0.00831946755408	2017-07-26
REN	0.0378985006152	1	113.695501846	47.3431450599	0.0504347826087	2017-08-01
REN	0.0368604990149	1	110.581497045	57.4914434984	0.0212765957447	2017-09-01
REN	0.0369749430022	1	110.924829007	49.5894223426	0.032967032967	2017-09-05
REP	-0.016317844101	6	-48.953532303	37.8822654774	0.0187477891758	2017-06-14
REP	0.00389175013349	6	11.6752504005	57.3254321633	0.0199091861684	2017-08-10
ROVI	0.0418164114695	5	125.449234409	61.2640223664	-0.00564749479669	2017-05-30
ROVI	-0.0564279736768	6	-169.28392103	64.8604357493	0.00517857142857	2017-07-04
ROVI	0.0327197255293	6	98.1591765878	49.9119503195	0.0218340611354	2017-08-28
SCYR	0.0476907912901	1	143.07237387	52.7798927759	-0.00343642611684	2016-04-15
SCYR	0.0416521496517	1	124.956448955	54.734937922	0.0322754168908	2016-04-29
SCYR	0.0491701756483	1	147.510526945	49.7082673499	-0.0218642117376	2016-05-06
SCYR	0.0438796434194	1	131.638930258	56.6301768938	0.00985221674877	2016-05-31
SCYR	0.0448098057703	1	134.429417311	49.7515815485	0.0319088319088	2016-06-09
SCYR	-0.0123370778251	6	-37.0112334752	57.0670918157	0.00491534680502	2016-09-12
SCYR	0.042200221618	4	126.600664854	52.7033127406	-0.0177041690463	2016-09-23
SCYR	-0.0161493276243	6	-48.4479828729	57.9807263296	0.0302734375	2016-11-01
SCYR	0.0776434181649	3	232.930254495	59.8138480094	0.0214285714286	2016-12-29
SCYR	0.0342219278417	6	102.665783525	64.4642134412	0.0144312393888	2017-01-12
SCYR	-0.00163654607242	6	-4.90963821726	72.005314558	0.00883534136546	2017-01-27
SCYR	0.0354708157815	6	106.412447344	48.7918811331	0.00710405348934	2017-02-22
SCYR	0.0141632534652	6	42.4897603956	46.4639549669	0.0144927536232	2017-03-21
SCYR	0.0259353948467	6	77.8061845402	43.2343435916	0.0250539956803	2017-04-03
SCYR	0.0351974932227	1	105.592479668	62.5901339427	-0.00187546886722	2017-06-07
SCYR	0.0157037970958	6	47.1113912875	45.8745802325	-0.00118063754427	2017-06-20
SCYR	-0.046078229927	6	-138.234689781	35.4782452585	0.0195758564437	2017-06-29
SAY	-0.0179339300042	6	-53.8017900127	69.8172461474	0.0125966218151	2017-06-21
SAY	-0.0265935068855	6	-79.7805206565	37.8182063311	0.0124082597338	2017-07-03
GSJ	0.132804573436	3	398.413720309	61.779213857	0.0	2015-11-11
GSJ	0.0511209481639	1	153.362844492	67.8865148086	0.0	2015-11-24
GSJ	0.0515348587171	1	154.604576151	46.797484494	0.0425531914894	2015-12-10
GSJ	0.0360963577508	1	108.289073253	63.8436930483	-0.148936170213	2016-03-02
GSJ	0.0415366954353	1	124.610086306	57.1698685995	0.0	2016-03-07
GSJ	0.0488037949661	1	146.411384898	66.5188664909	-0.116504854369	2016-04-15
GSJ	0.0424683086272	1	127.404925882	53.6302919634	-0.019801980198	2016-05-13
GSJ	0.0491678747811	1	147.503624343	42.0146718925	0.0978260869565	2016-05-17
GSJ	0.0433574067389	1	130.072220217	68.4667276264	0.0103092783505	2016-07-21
GSJ	0.0544581201728	1	163.374360518	76.7065989254	-0.0115606936416	2016-10-05
GSJ	0.0864285894865	1	259.28576846	77.8162528845	0.0960591133005	2016-11-04
GSJ	0.132320644417	1	396.96193325	60.8520860813	0.194117647059	2016-11-08
GSJ	0.0448697909662	1	134.609372898	37.8424131007	0.0690607734807	2017-04-03
GSJ	0.0391694900403	1	117.508470121	56.3614354019	-0.0761421319797	2017-07-27
GSJ	0.0399291272985	1	119.787381895	45.3067092293	-0.0028818443804	2017-08-28
SNC	0.043272316065	1	129.816948195	89.7014819037	0.0640608034745	2016-03-24
SNC	0.0971654781731	1	291.496434519	46.7791571234	-0.0240096038415	2016-05-06
SNC	0.0721291191408	1	216.387357422	73.9926871562	0.0590697674419	2016-09-14
SNC	0.0913175059693	1	273.952517908	38.9169255959	0.0581338544211	2016-11-08
SLR	0.0436031923862	1	130.809577159	60.8107162466	-0.00564971751412	2015-11-10
SLR	0.0523094208865	1	156.92826266	54.0559377409	0.0406976744186	2015-11-19
SLR	0.0476265201366	5	142.87956041	51.3043270084	0.0381679389313	2016-05-02
SLR	0.0361729229883	1	108.518768965	43.989858525	0.0162601626016	2016-06-08
SLR	0.0423362069096	1	127.008620729	69.9058716468	-0.0921985815603	2016-07-22
SLR	0.0427439024241	1	128.231707272	54.0418860519	0.00653594771242	2016-09-14
SLR	0.00164390800018	6	4.93172400054	61.7235473346	-0.0240963855422	2016-10-11
SLR	0.0358564426916	1	107.569328075	60.1848313278	-0.0357142857143	2016-10-27
SLR	0.0423305829493	1	126.991748848	51.1933532747	0.0245398773006	2016-11-04
SLR	0.0543787505234	1	163.13625157	35.2547418189	0.131944444444	2016-11-08
SLR	0.0354658907644	1	106.397672293	60.9970457579	0.030303030303	2017-01-11
SLR	0.0442122664439	1	132.636799332	75.4085220739	0.0283018867925	2017-01-30
SLR	0.0464479106995	1	139.343732099	56.1051806533	0.046511627907	2017-02-23
SLR	-0.0883829786492	6	-265.148935948	53.3838163468	0.0134529147982	2017-03-30
SLR	0.0311098466045	6	93.3295398136	64.7540478262	-0.00896860986547	2017-05-17
SLR	0.0502255543127	1	150.676662938	73.5552568333	-0.0604026845638	2017-06-06
SLR	-0.00315511212322	6	-9.46533636966	57.2276935429	0.016835016835	2017-08-30
STG	1.51566283225e-16	6	4.54698849676e-13	69.5152482268	-1.0	2016-09-26
STG	0.0	6	0.0	68.5411978126	0.00342465753425	2016-11-02
TLGO	-0.00364062228978	6	-10.9218668693	48.5442215779	0.0339388065438	2015-12-11
TLGO	-0.0273314521332	6	-81.9943563995	58.5419772757	0.0219325562772	2016-09-09
TLGO	-0.0158451188946	6	-47.5353566839	60.6118514207	0.0227690975355	2017-05-11
TLGO	0.0242745870706	6	72.8237612119	40.3337997315	0.0142559512327	2017-06-09
TLGO	-0.0648155332877	6	-194.446599863	60.1123481318	-0.0180032733224	2017-07-13
TRE	-0.0358063351239	6	-107.419005372	63.1412705132	-0.00907029478458	2017-07-17
TEF	0.0269611541706	6	80.8834625117	33.9783874357	0.0227352764485	2017-05-17
TEF	-0.00906517552403	6	-27.1955265721	43.2604303438	0.00709670802995	2017-06-14
TPZ	-0.0292741551193	6	-87.822465358	64.6056072849	-0.0164948453608	2016-12-19
TPZ	-0.0379259494104	6	-113.777848231	52.3304037473	-0.00862068965517	2017-01-11
TPZ	-0.040705832102	6	-122.117496306	52.7860226279	0.00370981038747	2017-03-06
TPZ	0.0423163768133	4	126.94913044	48.7767970393	-0.0118406889128	2017-03-27
TPZ	0.0439222450954	5	131.766735286	58.8620403199	-0.00459770114943	2017-04-04
TPZ	0.0507883463131	3	152.365038939	48.9251685077	0.0139061851391	2017-05-04
TPZ	0.0503396732774	3	151.019019832	50.1982285236	0.0134020618557	2017-05-10
TPZ	0.00813524232166	6	24.405726965	51.5428344893	-0.0019801980198	2017-07-18
TPZ	0.0198746066772	6	59.6238200317	54.4450010083	0.0116504854369	2017-08-17
TPZ	-0.00610377552443	6	-18.3113265733	48.4938038482	0.010993325481	2017-08-29
TRG	0.0398425323705	1	119.527597112	68.48754818	0.0	2016-03-22
TRG	0.0450363056393	1	135.108916918	53.2894808278	0.0140845070423	2016-04-29
TRG	0.0429774784144	1	128.932435243	52.8278318032	-0.0215827338129	2016-05-16
TRG	0.0397214358466	1	119.16430754	59.0444301656	0.0	2016-08-12
TRG	0.0441360350029	1	132.408105009	57.8813887913	0.0280898876404	2016-10-28
TRG	0.0370638232381	1	111.191469714	61.4504205075	0.0	2016-12-16
TRG	0.000814344574799	6	2.4430337244	63.4100225582	0.00995024875622	2017-02-22
TRG	-0.013988501615	6	-41.965504845	65.2163141357	0.00480769230769	2017-03-08
TRG	0.0485282954489	4	145.584886347	57.3603259465	0.0138888888889	2017-05-11
TRG	0.0427649226185	1	128.294767856	63.7209287186	-0.00409836065574	2017-06-06
TRG	-0.0421930446866	6	-126.57913406	56.2731428718	0.0245901639344	2017-06-30
VID	0.0148765415273	6	44.629624582	57.4021527381	-0.00572571077031	2015-12-09
VID	0.0503758280673	3	151.127484202	60.4268918205	-0.0038082764723	2016-03-30
VID	0.0349027765452	6	104.708329636	65.6288742106	-0.0120593415678	2017-04-28
VID	-0.00678566206763	6	-20.3569862029	70.1775618693	-0.00618811002662	2017-05-16
VID	0.0377513685798	3	113.254105739	71.0646875221	-0.00858314382193	2017-06-02
VID	0.0269378760157	6	80.8136280472	67.4127139495	0.000799627482779	2017-07-05
VID	0.056741247346	3	170.223742038	65.2755108003	0.00380228136882	2017-07-20
VID	0.0498170479627	3	149.451143888	55.4288313264	0.0240060015004	2017-08-10
VIS	0.0204922989689	6	61.4768969066	48.7064462599	0.000506491638719	2016-08-12
VIS	0.00934970457278	6	28.0491137183	54.2077286962	0.0106026785714	2017-06-08
VOC	-0.0731119339012	6	-219.335801704	55.1798669159	0.0222222222222	2015-11-09
VOC	0.047284622611	3	141.853867833	51.9245740783	-0.0148148148148	2016-05-11
VOC	0.0533919525725	1	160.175857717	55.8824256779	0.00401606425703	2016-08-01
VOC	-0.0211624170139	6	-63.4872510416	55.8052059615	0.0148148148148	2016-09-12
VOC	0.0404902841733	3	121.47085252	56.9525126583	0.0206611570248	2016-12-20
VOC	0.0524392753639	4	157.317826092	50.1004967026	0.00709219858156	2017-03-13
VOC	0.0383482879103	6	115.044863731	47.8674088927	0.027972027972	2017-04-13
VOC	0.0360153892314	1	108.046167694	69.7655971675	-0.0311526479751	2017-05-02
VOC	0.0383112910471	1	114.933873141	59.4672144804	0.0354838709677	2017-05-04
VOC	-0.0606337488189	6	-181.901246457	60.533135555	0.0030487804878	2017-06-05
VOC	0.0352617623273	1	105.785286982	57.811518466	-0.00617283950617	2017-06-20
VOC	0.0385271170704	2	115.581351211	64.1349280062	-0.0263929618768	2017-07-20
ZOT	-0.0307998375467	6	-92.39951264	68.1482994085	-0.00468933177022	2017-04-07
ZOT	0.0344464334423	6	103.339300327	58.222645682	0.0	2017-05-16
ZOT	-0.00128575061001	6	-3.85725183002	59.1221703223	0.00338983050847	2017-06-05
ZOT	-0.0123638526988	6	-37.0915580965	56.556249828	0.00659340659341	2017-06-29
ZOT	0.020871723117	6	62.6151693509	55.0600613062	0.00772626931567	2017-07-21
