INVERTIR	A3M	8,8	2017-08-29T17:36:00,000000000	-0,00795454545455
INVERTIR	A3M	9,38	2017-07-11T17:36:00,000000000	0,035
INVERTIR	A3M	9,0	2017-07-10T17:36:00,000000000	0,035
INVERTIR	A3M	9,37	2017-07-07T17:36:00,000000000	0,035
INVERTIR	A3M	9,37	2017-07-06T17:36:00,000000000	0,035
INVERTIR	ABG	0,039	2017-08-29T17:36:00,000000000	0,025641025641
INVERTIR	ABG	0,039	2017-08-28T17:36:00,000000000	0,025641025641
INVERTIR	ABG	0,039	2017-08-25T17:36:00,000000000	0,025641025641
INVERTIR	ABG	0,04	2017-08-22T17:36:00,000000000	0,0
INVERTIR	ABG	0,041	2017-08-08T17:36:00,000000000	-0,0243902439024
INVERTIR	ABG	0,039	2017-08-04T17:36:00,000000000	0,035
INVERTIR	ABG	0,039	2017-08-03T17:36:00,000000000	0,035
INVERTIR	ABG	0,037	2017-08-02T17:36:00,000000000	0,035
INVERTIR	ABG	0,038	2017-08-01T17:36:00,000000000	0,035
INVERTIR	ABG	0,035	2017-07-31T17:36:00,000000000	0,035
INVERTIR	ABG	0,036	2017-07-28T17:36:00,000000000	0,035
INVERTIR	ABG	0,036	2017-07-27T17:36:00,000000000	0,035
INVERTIR	ABG	0,034	2017-07-21T17:36:00,000000000	0,035
INVERTIR	ABG	0,034	2017-07-19T17:36:00,000000000	0,035
INVERTIR	ABG	0,035	2017-07-18T17:36:00,000000000	0,0285714285714
INVERTIR	ABG	0,035	2017-07-17T17:36:00,000000000	0,0285714285714
INVERTIR	ABG	0,034	2017-07-14T17:36:00,000000000	0,035
INVERTIR	ABG	0,035	2017-07-07T17:36:00,000000000	0,035
INVERTIR	ABG	0,033	2017-07-06T17:36:00,000000000	0,035
INVERTIR	ABG	0,034	2017-07-05T17:36:00,000000000	0,035
INVERTIR	ABG	0,034	2017-07-04T17:36:00,000000000	0,035
INVERTIR	ABG	0,035	2017-07-03T17:36:00,000000000	0,035
INVERTIR	ABG	0,035	2017-06-30T17:36:00,000000000	0,035
INVERTIR	ABG	0,037	2017-06-29T17:36:00,000000000	0,027027027027
INVERTIR	ABG	0,035	2017-06-28T17:36:00,000000000	0,035
INVERTIR	ABG	0,029	2017-06-26T17:36:00,000000000	0,035
INVERTIR	ABG	0,03	2017-06-23T17:36:00,000000000	0,035
INVERTIR	ABG	0,03	2017-06-22T17:36:00,000000000	0,035
INVERTIR	ABG	0,031	2017-06-21T17:36:00,000000000	0,035
INVERTIR	ABG	0,03	2017-06-20T17:36:00,000000000	0,035
INVERTIR	ABG	0,03	2017-06-19T17:36:00,000000000	0,035
INVERTIR	ABG	0,032	2017-06-16T17:36:00,000000000	0,035
INVERTIR	ABG	0,031	2017-06-12T17:36:00,000000000	0,035
INVERTIR	ABG	0,03	2017-06-09T17:36:00,000000000	0,035
INVERTIR	ABG	0,032	2017-06-08T17:36:00,000000000	0,035
INVERTIR	ABG	0,035	2017-06-07T17:36:00,000000000	-0,0571428571429
INVERTIR	ABG	0,036	2017-06-06T17:36:00,000000000	-0,0555555555556
INVERTIR	ABG	0,038	2017-05-17T17:36:00,000000000	0,035
INVERTIR	ADZ	4,23	2017-06-28T17:36:00,000000000	0,035
INVERTIR	ADZ	4,23	2017-06-27T17:36:00,000000000	0,035
INVERTIR	ADZ	3,94	2017-06-09T17:36:00,000000000	0,035
INVERTIR	ADZ	3,96	2017-06-08T17:36:00,000000000	0,035
INVERTIR	AMP	0,23	2017-08-11T17:36:00,000000000	0,035
INVERTIR	AMP	0,23	2017-08-03T17:36:00,000000000	0,035
INVERTIR	AMP	0,23	2017-08-02T17:36:00,000000000	0,035
INVERTIR	AMP	0,202	2017-06-09T17:36:00,000000000	0,035
INVERTIR	AMP	0,201	2017-06-08T17:36:00,000000000	0,035
INVERTIR	APAM	39,24	2017-06-19T17:36:00,000000000	0,035
INVERTIR	APAM	38,985	2017-06-16T17:36:00,000000000	0,035
INVERTIR	CBAV	8,59	2017-08-10T17:36:00,000000000	0,035
INVERTIR	CBAV	9,05	2017-08-04T17:36:00,000000000	0,0198895027624
INVERTIR	CBAV	8,87	2017-08-03T17:36:00,000000000	0,035
INVERTIR	CBAV	9,0	2017-08-02T17:36:00,000000000	0,035
INVERTIR	BIO	0,56	2017-07-25T17:36:00,000000000	-0,0178571428571
INVERTIR	BIO	0,52	2017-07-24T17:36:00,000000000	0,035
INVERTIR	BIO	0,525	2017-07-21T17:36:00,000000000	0,035
INVERTIR	BIO	0,52	2017-06-26T17:36:00,000000000	0,035
INVERTIR	BIO	0,515	2017-06-23T17:36:00,000000000	0,035
INVERTIR	BIO	0,52	2017-06-22T17:36:00,000000000	0,035
INVERTIR	BIO	0,52	2017-06-21T17:36:00,000000000	-0,00961538461538
INVERTIR	BIO	0,54	2017-06-20T17:36:00,000000000	-0,0462962962963
INVERTIR	BIO	0,545	2017-06-16T17:36:00,000000000	-0,045871559633
INVERTIR	BIO	0,525	2017-06-12T17:36:00,000000000	0,035
INVERTIR	BIO	0,495	2017-06-09T17:36:00,000000000	0,035
INVERTIR	BIO	0,5	2017-06-08T17:36:00,000000000	0,035
INVERTIR	BIO	0,525	2017-06-07T17:36:00,000000000	0,035
INVERTIR	BIO	0,585	2017-05-17T17:36:00,000000000	0,035
INVERTIR	BIO	0,585	2017-05-15T17:36:00,000000000	0,035
INVERTIR	BAIN	16,65	2017-04-21T17:36:00,000000000	0,035
INVERTIR	BAIN	16,65	2017-04-18T17:36:00,000000000	0,035
INVERTIR	BAIN	15,85	2017-04-13T17:36:00,000000000	0,035
INVERTIR	MDF	0,76	2017-08-28T17:36:00,000000000	0,035
INVERTIR	MDF	0,73	2017-08-23T17:36:00,000000000	0,035
INVERTIR	MDF	0,74	2017-08-11T17:36:00,000000000	0,035
INVERTIR	MDF	0,58	2017-06-23T17:36:00,000000000	0,035
INVERTIR	MDF	0,65	2017-06-16T17:36:00,000000000	0,035
INVERTIR	MDF	0,56	2017-06-09T17:36:00,000000000	0,035
INVERTIR	MDF	0,51	2017-06-08T17:36:00,000000000	0,035
INVERTIR	MDF	0,62	2017-06-07T17:36:00,000000000	0,035
INVERTIR	MDF	0,85	2017-05-24T17:36:00,000000000	0,035
INVERTIR	MDF	0,87	2017-05-23T17:36:00,000000000	0,035
INVERTIR	MDF	0,84	2017-05-22T17:36:00,000000000	0,035
INVERTIR	MDF	0,86	2017-05-19T17:36:00,000000000	0,035
INVERTIR	IBG	24,85	2017-07-12T17:36:00,000000000	0,035
INVERTIR	IBG	25,2	2017-07-11T17:36:00,000000000	0,035
INVERTIR	LBK	0,94	2017-07-11T17:36:00,000000000	0,035
INVERTIR	LBK	0,956	2017-07-07T17:36:00,000000000	0,035
INVERTIR	LBK	0,947	2017-07-05T17:36:00,000000000	0,035
INVERTIR	LBK	0,905	2017-07-03T17:36:00,000000000	0,035
INVERTIR	LBK	0,899	2017-06-30T17:36:00,000000000	0,035
INVERTIR	LBK	0,88	2017-06-29T17:36:00,000000000	0,035
INVERTIR	LBK	0,855	2017-06-28T17:36:00,000000000	0,035
INVERTIR	LBK	0,815	2017-06-27T17:36:00,000000000	0,035
INVERTIR	LBK	0,868	2017-06-19T17:36:00,000000000	0,035
INVERTIR	LBK	0,88	2017-06-16T17:36:00,000000000	0,0
INVERTIR	LBK	0,831	2017-06-15T17:36:00,000000000	0,035
INVERTIR	LBK	0,841	2017-06-14T17:36:00,000000000	0,035
INVERTIR	LBK	0,827	2017-06-13T17:36:00,000000000	0,035
INVERTIR	LBK	0,96	2017-06-12T17:36:00,000000000	-0,09375
INVERTIR	LBK	0,68	2017-06-09T17:36:00,000000000	0,035
INVERTIR	LBK	0,825	2017-06-08T17:36:00,000000000	0,035
INVERTIR	TL5	10,18	2017-07-10T17:36:00,000000000	0,035
INVERTIR	TL5	10,105	2017-07-07T17:36:00,000000000	0,035
INVERTIR	OHL	3,114	2017-07-10T17:36:00,000000000	0,035
INVERTIR	OHL	3,149	2017-07-07T17:36:00,000000000	0,035
INVERTIR	OHL	3,12	2017-07-06T17:36:00,000000000	0,035
INVERTIR	OHL	3,174	2017-07-03T17:36:00,000000000	0,035
INVERTIR	OHL	3,139	2017-06-30T17:36:00,000000000	0,035
INVERTIR	OHL	3,22	2017-06-20T17:36:00,000000000	0,035
INVERTIR	OHL	2,806	2017-06-13T17:36:00,000000000	0,035
INVERTIR	OHL	2,76	2017-06-09T17:36:00,000000000	0,035
INVERTIR	OHL	2,674	2017-06-08T17:36:00,000000000	0,035
INVERTIR	OHL	3,041	2017-06-07T17:36:00,000000000	0,035
INVERTIR	OHL	3,053	2017-06-06T17:36:00,000000000	0,035
INVERTIR	GSJ	2,99	2017-06-08T17:36:00,000000000	0,035
INVERTIR	GSJ	3,15	2017-06-07T17:36:00,000000000	0,035
